/home/users/yonghee/.conda/envs/fl_shapley/lib/python3.9/site-packages/torch/cuda/__init__.py:63: FutureWarning: The pynvml package is deprecated. Please install nvidia-ml-py instead. If you did not install pynvml directly, please report this to the maintainers of the package that installed pynvml for you.
  import pynvml  # type: ignore[import]
[e2] writing to results/e2/20260506-154806
[  1/60] adult   vanilla    val=balanced seed=0 acc=0.837 worst=0.797 dp=0.196 eo=0.110 (3.9s)
[  2/60] adult   vanilla    val=balanced seed=1 acc=0.835 worst=0.798 dp=0.199 eo=0.139 (3.1s)
[  3/60] adult   vanilla    val=balanced seed=2 acc=0.838 worst=0.799 dp=0.201 eo=0.127 (2.9s)
[  4/60] adult   vanilla    val=balanced seed=3 acc=0.839 worst=0.800 dp=0.191 eo=0.114 (3.0s)
[  5/60] adult   vanilla    val=balanced seed=4 acc=0.838 worst=0.799 dp=0.193 eo=0.096 (3.0s)
[  6/60] adult   vanilla    val=random   seed=0 acc=0.837 worst=0.797 dp=0.196 eo=0.110 (3.0s)
[  7/60] adult   vanilla    val=random   seed=1 acc=0.835 worst=0.798 dp=0.199 eo=0.139 (3.0s)
[  8/60] adult   vanilla    val=random   seed=2 acc=0.838 worst=0.799 dp=0.201 eo=0.127 (3.0s)
[  9/60] adult   vanilla    val=random   seed=3 acc=0.839 worst=0.800 dp=0.191 eo=0.114 (3.0s)
[ 10/60] adult   vanilla    val=random   seed=4 acc=0.838 worst=0.799 dp=0.193 eo=0.096 (2.9s)
[ 11/60] adult   fairds-1   val=balanced seed=0 acc=0.835 worst=0.796 dp=0.204 eo=0.158 (7.3s)
[ 12/60] adult   fairds-1   val=balanced seed=1 acc=0.833 worst=0.794 dp=0.169 eo=0.129 (7.6s)
[ 13/60] adult   fairds-1   val=balanced seed=2 acc=0.833 worst=0.795 dp=0.206 eo=0.188 (7.7s)
[ 14/60] adult   fairds-1   val=balanced seed=3 acc=0.837 worst=0.798 dp=0.184 eo=0.094 (7.5s)
[ 15/60] adult   fairds-1   val=balanced seed=4 acc=0.835 worst=0.794 dp=0.163 eo=0.066 (7.6s)
[ 16/60] adult   fairds-1   val=random   seed=0 acc=0.835 worst=0.794 dp=0.218 eo=0.126 (7.6s)
[ 17/60] adult   fairds-1   val=random   seed=1 acc=0.836 worst=0.798 dp=0.198 eo=0.133 (7.6s)
[ 18/60] adult   fairds-1   val=random   seed=2 acc=0.835 worst=0.795 dp=0.165 eo=0.055 (7.5s)
[ 19/60] adult   fairds-1   val=random   seed=3 acc=0.836 worst=0.798 dp=0.187 eo=0.141 (7.6s)
[ 20/60] adult   fairds-1   val=random   seed=4 acc=0.836 worst=0.796 dp=0.181 eo=0.090 (7.5s)
[ 21/60] adult   fairds-2   val=balanced seed=0 acc=0.835 worst=0.796 dp=0.209 eo=0.158 (9.9s)
[ 22/60] adult   fairds-2   val=balanced seed=1 acc=0.832 worst=0.793 dp=0.175 eo=0.128 (10.0s)
[ 23/60] adult   fairds-2   val=balanced seed=2 acc=0.835 worst=0.797 dp=0.203 eo=0.185 (10.0s)
[ 24/60] adult   fairds-2   val=balanced seed=3 acc=0.836 worst=0.797 dp=0.188 eo=0.094 (10.0s)
[ 25/60] adult   fairds-2   val=balanced seed=4 acc=0.836 worst=0.795 dp=0.172 eo=0.069 (10.0s)
[ 26/60] adult   fairds-2   val=random   seed=0 acc=0.836 worst=0.796 dp=0.217 eo=0.118 (10.0s)
[ 27/60] adult   fairds-2   val=random   seed=1 acc=0.835 worst=0.797 dp=0.197 eo=0.135 (9.9s)
[ 28/60] adult   fairds-2   val=random   seed=2 acc=0.836 worst=0.796 dp=0.175 eo=0.063 (10.0s)
[ 29/60] adult   fairds-2   val=random   seed=3 acc=0.837 worst=0.799 dp=0.191 eo=0.140 (9.9s)
[ 30/60] adult   fairds-2   val=random   seed=4 acc=0.835 worst=0.796 dp=0.190 eo=0.100 (9.1s)
[ 31/60] compas  vanilla    val=balanced seed=0 acc=0.674 worst=0.671 dp=0.242 eo=0.243 (0.3s)
[ 32/60] compas  vanilla    val=balanced seed=1 acc=0.668 worst=0.655 dp=0.272 eo=0.248 (0.4s)
[ 33/60] compas  vanilla    val=balanced seed=2 acc=0.666 worst=0.657 dp=0.254 eo=0.244 (0.3s)
[ 34/60] compas  vanilla    val=balanced seed=3 acc=0.645 worst=0.622 dp=0.238 eo=0.185 (0.3s)
[ 35/60] compas  vanilla    val=balanced seed=4 acc=0.685 worst=0.677 dp=0.196 eo=0.209 (0.3s)
[ 36/60] compas  vanilla    val=random   seed=0 acc=0.674 worst=0.671 dp=0.242 eo=0.243 (0.4s)
[ 37/60] compas  vanilla    val=random   seed=1 acc=0.668 worst=0.655 dp=0.272 eo=0.248 (0.3s)
[ 38/60] compas  vanilla    val=random   seed=2 acc=0.666 worst=0.657 dp=0.254 eo=0.244 (0.3s)
[ 39/60] compas  vanilla    val=random   seed=3 acc=0.645 worst=0.622 dp=0.238 eo=0.185 (0.3s)
[ 40/60] compas  vanilla    val=random   seed=4 acc=0.685 worst=0.677 dp=0.196 eo=0.209 (0.4s)
[ 41/60] compas  fairds-1   val=balanced seed=0 acc=0.674 worst=0.668 dp=0.242 eo=0.257 (0.7s)
[ 42/60] compas  fairds-1   val=balanced seed=1 acc=0.663 worst=0.651 dp=0.265 eo=0.266 (0.7s)
[ 43/60] compas  fairds-1   val=balanced seed=2 acc=0.667 worst=0.652 dp=0.209 eo=0.220 (0.7s)
[ 44/60] compas  fairds-1   val=balanced seed=3 acc=0.676 worst=0.674 dp=0.239 eo=0.262 (0.7s)
[ 45/60] compas  fairds-1   val=balanced seed=4 acc=0.653 worst=0.635 dp=0.236 eo=0.197 (0.8s)
[ 46/60] compas  fairds-1   val=random   seed=0 acc=0.662 worst=0.646 dp=0.239 eo=0.206 (0.7s)
[ 47/60] compas  fairds-1   val=random   seed=1 acc=0.672 worst=0.668 dp=0.261 eo=0.272 (0.7s)
[ 48/60] compas  fairds-1   val=random   seed=2 acc=0.656 worst=0.638 dp=0.248 eo=0.232 (0.7s)
[ 49/60] compas  fairds-1   val=random   seed=3 acc=0.670 worst=0.662 dp=0.223 eo=0.236 (0.8s)
[ 50/60] compas  fairds-1   val=random   seed=4 acc=0.636 worst=0.625 dp=0.248 eo=0.219 (0.7s)
[ 51/60] compas  fairds-2   val=balanced seed=0 acc=0.677 worst=0.668 dp=0.229 eo=0.221 (0.9s)
[ 52/60] compas  fairds-2   val=balanced seed=1 acc=0.670 worst=0.663 dp=0.271 eo=0.280 (0.9s)
[ 53/60] compas  fairds-2   val=balanced seed=2 acc=0.670 worst=0.663 dp=0.208 eo=0.233 (0.9s)
[ 54/60] compas  fairds-2   val=balanced seed=3 acc=0.673 worst=0.671 dp=0.240 eo=0.262 (1.0s)
[ 55/60] compas  fairds-2   val=balanced seed=4 acc=0.664 worst=0.649 dp=0.247 eo=0.223 (0.9s)
[ 56/60] compas  fairds-2   val=random   seed=0 acc=0.663 worst=0.651 dp=0.240 eo=0.219 (0.9s)
[ 57/60] compas  fairds-2   val=random   seed=1 acc=0.678 worst=0.677 dp=0.267 eo=0.290 (0.9s)
[ 58/60] compas  fairds-2   val=random   seed=2 acc=0.663 worst=0.648 dp=0.220 eo=0.206 (0.9s)
[ 59/60] compas  fairds-2   val=random   seed=3 acc=0.669 worst=0.662 dp=0.232 eo=0.244 (1.0s)
[ 60/60] compas  fairds-2   val=random   seed=4 acc=0.653 worst=0.634 dp=0.272 eo=0.226 (0.9s)
[e2] results/e2/20260506-154806/sweep_results.json  (224.9s total)
