/home/users/yonghee/.conda/envs/fl_shapley/lib/python3.9/site-packages/torch/cuda/__init__.py:63: FutureWarning: The pynvml package is deprecated. Please install nvidia-ml-py instead. If you did not install pynvml directly, please report this to the maintainers of the package that installed pynvml for you.
  import pynvml  # type: ignore[import]
[e2] writing to results/e2/20260506-160342
[  1/80] adult   vanilla    val=balanced seed=0 acc=0.837 worst=0.797 dp=0.196 eo=0.110 (3.9s)
[  2/80] adult   vanilla    val=balanced seed=1 acc=0.835 worst=0.798 dp=0.199 eo=0.139 (3.0s)
[  3/80] adult   vanilla    val=balanced seed=2 acc=0.838 worst=0.799 dp=0.201 eo=0.127 (2.9s)
[  4/80] adult   vanilla    val=balanced seed=3 acc=0.839 worst=0.800 dp=0.191 eo=0.114 (3.0s)
[  5/80] adult   vanilla    val=balanced seed=4 acc=0.838 worst=0.799 dp=0.193 eo=0.096 (3.0s)
[  6/80] adult   vanilla    val=random   seed=0 acc=0.837 worst=0.797 dp=0.196 eo=0.110 (3.0s)
[  7/80] adult   vanilla    val=random   seed=1 acc=0.835 worst=0.798 dp=0.199 eo=0.139 (3.0s)
[  8/80] adult   vanilla    val=random   seed=2 acc=0.838 worst=0.799 dp=0.201 eo=0.127 (2.9s)
[  9/80] adult   vanilla    val=random   seed=3 acc=0.839 worst=0.800 dp=0.191 eo=0.114 (2.9s)
[ 10/80] adult   vanilla    val=random   seed=4 acc=0.838 worst=0.799 dp=0.193 eo=0.096 (2.9s)
[ 11/80] adult   fairds-1   val=balanced seed=0 acc=0.835 worst=0.796 dp=0.204 eo=0.158 (7.7s)
[ 12/80] adult   fairds-1   val=balanced seed=1 acc=0.833 worst=0.794 dp=0.169 eo=0.129 (7.6s)
[ 13/80] adult   fairds-1   val=balanced seed=2 acc=0.833 worst=0.795 dp=0.206 eo=0.188 (7.6s)
[ 14/80] adult   fairds-1   val=balanced seed=3 acc=0.837 worst=0.798 dp=0.184 eo=0.094 (7.5s)
[ 15/80] adult   fairds-1   val=balanced seed=4 acc=0.835 worst=0.794 dp=0.163 eo=0.066 (7.7s)
[ 16/80] adult   fairds-1   val=random   seed=0 acc=0.835 worst=0.794 dp=0.218 eo=0.126 (7.6s)
[ 17/80] adult   fairds-1   val=random   seed=1 acc=0.836 worst=0.798 dp=0.198 eo=0.133 (7.6s)
[ 18/80] adult   fairds-1   val=random   seed=2 acc=0.835 worst=0.795 dp=0.165 eo=0.055 (7.6s)
[ 19/80] adult   fairds-1   val=random   seed=3 acc=0.836 worst=0.798 dp=0.187 eo=0.141 (7.6s)
[ 20/80] adult   fairds-1   val=random   seed=4 acc=0.836 worst=0.796 dp=0.181 eo=0.090 (7.6s)
[ 21/80] adult   fairds-2   val=balanced seed=0 acc=0.835 worst=0.796 dp=0.209 eo=0.158 (9.9s)
[ 22/80] adult   fairds-2   val=balanced seed=1 acc=0.832 worst=0.793 dp=0.175 eo=0.128 (10.1s)
[ 23/80] adult   fairds-2   val=balanced seed=2 acc=0.835 worst=0.797 dp=0.203 eo=0.185 (10.1s)
[ 24/80] adult   fairds-2   val=balanced seed=3 acc=0.836 worst=0.797 dp=0.188 eo=0.094 (10.1s)
[ 25/80] adult   fairds-2   val=balanced seed=4 acc=0.836 worst=0.795 dp=0.172 eo=0.069 (10.1s)
[ 26/80] adult   fairds-2   val=random   seed=0 acc=0.836 worst=0.796 dp=0.217 eo=0.118 (10.1s)
[ 27/80] adult   fairds-2   val=random   seed=1 acc=0.835 worst=0.797 dp=0.197 eo=0.135 (10.1s)
[ 28/80] adult   fairds-2   val=random   seed=2 acc=0.836 worst=0.796 dp=0.175 eo=0.063 (9.9s)
[ 29/80] adult   fairds-2   val=random   seed=3 acc=0.837 worst=0.799 dp=0.191 eo=0.140 (10.0s)
[ 30/80] adult   fairds-2   val=random   seed=4 acc=0.835 worst=0.796 dp=0.190 eo=0.100 (10.0s)
[ 31/80] adult   ren2018    val=balanced seed=0 acc=0.820 worst=0.781 dp=0.200 eo=0.188 (5.9s)
[ 32/80] adult   ren2018    val=balanced seed=1 acc=0.812 worst=0.770 dp=0.152 eo=0.079 (5.9s)
[ 33/80] adult   ren2018    val=balanced seed=2 acc=0.829 worst=0.789 dp=0.211 eo=0.193 (5.9s)
[ 34/80] adult   ren2018    val=balanced seed=3 acc=0.817 worst=0.770 dp=0.174 eo=0.022 (6.0s)
[ 35/80] adult   ren2018    val=balanced seed=4 acc=0.817 worst=0.773 dp=0.138 eo=0.026 (5.9s)
[ 36/80] adult   ren2018    val=random   seed=0 acc=0.810 worst=0.767 dp=0.219 eo=0.071 (5.9s)
[ 37/80] adult   ren2018    val=random   seed=1 acc=0.827 worst=0.790 dp=0.200 eo=0.107 (5.9s)
[ 38/80] adult   ren2018    val=random   seed=2 acc=0.824 worst=0.786 dp=0.131 eo=0.031 (5.9s)
[ 39/80] adult   ren2018    val=random   seed=3 acc=0.830 worst=0.792 dp=0.194 eo=0.140 (5.9s)
[ 40/80] adult   ren2018    val=random   seed=4 acc=0.812 worst=0.769 dp=0.159 eo=0.045 (5.9s)
[ 41/80] compas  vanilla    val=balanced seed=0 acc=0.674 worst=0.671 dp=0.242 eo=0.243 (0.3s)
[ 42/80] compas  vanilla    val=balanced seed=1 acc=0.668 worst=0.655 dp=0.272 eo=0.248 (0.4s)
[ 43/80] compas  vanilla    val=balanced seed=2 acc=0.666 worst=0.657 dp=0.254 eo=0.244 (0.3s)
[ 44/80] compas  vanilla    val=balanced seed=3 acc=0.645 worst=0.622 dp=0.238 eo=0.185 (0.3s)
[ 45/80] compas  vanilla    val=balanced seed=4 acc=0.685 worst=0.677 dp=0.196 eo=0.209 (0.3s)
[ 46/80] compas  vanilla    val=random   seed=0 acc=0.674 worst=0.671 dp=0.242 eo=0.243 (0.4s)
[ 47/80] compas  vanilla    val=random   seed=1 acc=0.668 worst=0.655 dp=0.272 eo=0.248 (0.3s)
[ 48/80] compas  vanilla    val=random   seed=2 acc=0.666 worst=0.657 dp=0.254 eo=0.244 (0.3s)
[ 49/80] compas  vanilla    val=random   seed=3 acc=0.645 worst=0.622 dp=0.238 eo=0.185 (0.3s)
[ 50/80] compas  vanilla    val=random   seed=4 acc=0.685 worst=0.677 dp=0.196 eo=0.209 (0.3s)
[ 51/80] compas  fairds-1   val=balanced seed=0 acc=0.674 worst=0.668 dp=0.242 eo=0.257 (0.8s)
[ 52/80] compas  fairds-1   val=balanced seed=1 acc=0.663 worst=0.651 dp=0.265 eo=0.266 (0.7s)
[ 53/80] compas  fairds-1   val=balanced seed=2 acc=0.667 worst=0.652 dp=0.209 eo=0.220 (0.7s)
[ 54/80] compas  fairds-1   val=balanced seed=3 acc=0.676 worst=0.674 dp=0.239 eo=0.262 (0.7s)
[ 55/80] compas  fairds-1   val=balanced seed=4 acc=0.653 worst=0.635 dp=0.236 eo=0.197 (0.8s)
[ 56/80] compas  fairds-1   val=random   seed=0 acc=0.662 worst=0.646 dp=0.239 eo=0.206 (0.7s)
[ 57/80] compas  fairds-1   val=random   seed=1 acc=0.672 worst=0.668 dp=0.261 eo=0.272 (0.7s)
[ 58/80] compas  fairds-1   val=random   seed=2 acc=0.656 worst=0.638 dp=0.248 eo=0.232 (0.7s)
[ 59/80] compas  fairds-1   val=random   seed=3 acc=0.670 worst=0.662 dp=0.223 eo=0.236 (0.7s)
[ 60/80] compas  fairds-1   val=random   seed=4 acc=0.636 worst=0.625 dp=0.248 eo=0.219 (0.8s)
[ 61/80] compas  fairds-2   val=balanced seed=0 acc=0.677 worst=0.668 dp=0.229 eo=0.221 (0.9s)
[ 62/80] compas  fairds-2   val=balanced seed=1 acc=0.670 worst=0.663 dp=0.271 eo=0.280 (0.9s)
[ 63/80] compas  fairds-2   val=balanced seed=2 acc=0.670 worst=0.663 dp=0.208 eo=0.233 (0.9s)
[ 64/80] compas  fairds-2   val=balanced seed=3 acc=0.673 worst=0.671 dp=0.240 eo=0.262 (0.9s)
[ 65/80] compas  fairds-2   val=balanced seed=4 acc=0.664 worst=0.649 dp=0.247 eo=0.223 (1.0s)
[ 66/80] compas  fairds-2   val=random   seed=0 acc=0.663 worst=0.651 dp=0.240 eo=0.219 (0.9s)
[ 67/80] compas  fairds-2   val=random   seed=1 acc=0.678 worst=0.677 dp=0.267 eo=0.290 (0.9s)
[ 68/80] compas  fairds-2   val=random   seed=2 acc=0.663 worst=0.648 dp=0.220 eo=0.206 (0.9s)
[ 69/80] compas  fairds-2   val=random   seed=3 acc=0.669 worst=0.662 dp=0.232 eo=0.244 (1.0s)
[ 70/80] compas  fairds-2   val=random   seed=4 acc=0.653 worst=0.634 dp=0.272 eo=0.226 (0.9s)
[ 71/80] compas  ren2018    val=balanced seed=0 acc=0.701 worst=0.698 dp=0.222 eo=0.243 (0.5s)
[ 72/80] compas  ren2018    val=balanced seed=1 acc=0.666 worst=0.654 dp=0.246 eo=0.253 (0.5s)
[ 73/80] compas  ren2018    val=balanced seed=2 acc=0.677 worst=0.663 dp=0.208 eo=0.206 (0.6s)
[ 74/80] compas  ren2018    val=balanced seed=3 acc=0.678 worst=0.669 dp=0.244 eo=0.245 (0.5s)
[ 75/80] compas  ren2018    val=balanced seed=4 acc=0.685 worst=0.678 dp=0.236 eo=0.259 (0.5s)
[ 76/80] compas  ren2018    val=random   seed=0 acc=0.683 worst=0.669 dp=0.259 eo=0.221 (0.5s)
[ 77/80] compas  ren2018    val=random   seed=1 acc=0.685 worst=0.685 dp=0.277 eo=0.290 (0.5s)
[ 78/80] compas  ren2018    val=random   seed=2 acc=0.681 worst=0.674 dp=0.285 eo=0.285 (0.6s)
[ 79/80] compas  ren2018    val=random   seed=3 acc=0.670 worst=0.654 dp=0.198 eo=0.210 (0.5s)
[ 80/80] compas  ren2018    val=random   seed=4 acc=0.677 worst=0.662 dp=0.276 eo=0.233 (0.5s)
[e2] results/e2/20260506-160342/sweep_results.json  (291.7s total)
