/home/users/yonghee/.conda/envs/fl_shapley/lib/python3.9/site-packages/torch/cuda/__init__.py:63: FutureWarning: The pynvml package is deprecated. Please install nvidia-ml-py instead. If you did not install pynvml directly, please report this to the maintainers of the package that installed pynvml for you.
  import pynvml  # type: ignore[import]
[e3] writing to results/e3/20260507-063956
[  1/70] vanilla    ratio=0.90 seed=0 val_acc=0.884 val_worst=0.808 test_acc=0.703 test_worst=0.671 (1.7s)
[  2/70] vanilla    ratio=0.90 seed=1 val_acc=0.918 val_worst=0.876 test_acc=0.798 test_worst=0.780 (1.2s)
[  3/70] vanilla    ratio=0.90 seed=2 val_acc=0.874 val_worst=0.800 test_acc=0.670 test_worst=0.636 (1.0s)
[  4/70] vanilla    ratio=0.90 seed=3 val_acc=0.912 val_worst=0.856 test_acc=0.759 test_worst=0.736 (1.1s)
[  5/70] vanilla    ratio=0.90 seed=4 val_acc=0.756 val_worst=0.720 test_acc=0.654 test_worst=0.643 (1.0s)
[  6/70] vanilla    ratio=0.90 seed=5 val_acc=0.842 val_worst=0.820 test_acc=0.706 test_worst=0.685 (1.2s)
[  7/70] vanilla    ratio=0.90 seed=6 val_acc=0.874 val_worst=0.844 test_acc=0.783 test_worst=0.765 (1.1s)
[  8/70] vanilla    ratio=0.90 seed=7 val_acc=0.656 val_worst=0.640 test_acc=0.572 test_worst=0.560 (1.1s)
[  9/70] vanilla    ratio=0.90 seed=8 val_acc=0.884 val_worst=0.812 test_acc=0.760 test_worst=0.734 (1.0s)
[ 10/70] vanilla    ratio=0.90 seed=9 val_acc=0.904 val_worst=0.848 test_acc=0.750 test_worst=0.724 (1.0s)
[ 11/70] fairds-1   ratio=0.90 seed=0 val_acc=0.904 val_worst=0.868 test_acc=0.788 test_worst=0.767 (4.1s)
[ 12/70] fairds-1   ratio=0.90 seed=1 val_acc=0.902 val_worst=0.868 test_acc=0.868 test_worst=0.859 (4.0s)
[ 13/70] fairds-1   ratio=0.90 seed=2 val_acc=0.854 val_worst=0.780 test_acc=0.721 test_worst=0.695 (3.2s)
[ 14/70] fairds-1   ratio=0.90 seed=3 val_acc=0.886 val_worst=0.864 test_acc=0.852 test_worst=0.842 (3.2s)
[ 15/70] fairds-1   ratio=0.90 seed=4 val_acc=0.728 val_worst=0.708 test_acc=0.682 test_worst=0.678 (3.3s)
[ 16/70] fairds-1   ratio=0.90 seed=5 val_acc=0.802 val_worst=0.800 test_acc=0.702 test_worst=0.686 (3.2s)
[ 17/70] fairds-1   ratio=0.90 seed=6 val_acc=0.904 val_worst=0.888 test_acc=0.856 test_worst=0.848 (3.2s)
[ 18/70] fairds-1   ratio=0.90 seed=7 val_acc=0.932 val_worst=0.900 test_acc=0.752 test_worst=0.729 (3.2s)
[ 19/70] fairds-1   ratio=0.90 seed=8 val_acc=0.906 val_worst=0.864 test_acc=0.869 test_worst=0.857 (3.6s)
[ 20/70] fairds-1   ratio=0.90 seed=9 val_acc=0.900 val_worst=0.876 test_acc=0.822 test_worst=0.810 (4.0s)
[ 21/70] fairds-2   ratio=0.90 seed=0 val_acc=0.890 val_worst=0.844 test_acc=0.755 test_worst=0.732 (8.0s)
[ 22/70] fairds-2   ratio=0.90 seed=1 val_acc=0.898 val_worst=0.852 test_acc=0.813 test_worst=0.798 (8.0s)
[ 23/70] fairds-2   ratio=0.90 seed=2 val_acc=0.908 val_worst=0.872 test_acc=0.831 test_worst=0.816 (5.7s)
[ 24/70] fairds-2   ratio=0.90 seed=3 val_acc=0.938 val_worst=0.896 test_acc=0.891 test_worst=0.882 (8.0s)
[ 25/70] fairds-2   ratio=0.90 seed=4 val_acc=0.810 val_worst=0.808 test_acc=0.809 test_worst=0.804 (8.1s)
[ 26/70] fairds-2   ratio=0.90 seed=5 val_acc=0.886 val_worst=0.880 test_acc=0.846 test_worst=0.838 (4.9s)
[ 27/70] fairds-2   ratio=0.90 seed=6 val_acc=0.918 val_worst=0.908 test_acc=0.877 test_worst=0.869 (4.9s)
[ 28/70] fairds-2   ratio=0.90 seed=7 val_acc=0.940 val_worst=0.936 test_acc=0.816 test_worst=0.802 (7.4s)
[ 29/70] fairds-2   ratio=0.90 seed=8 val_acc=0.930 val_worst=0.892 test_acc=0.883 test_worst=0.873 (8.0s)
[ 30/70] fairds-2   ratio=0.90 seed=9 val_acc=0.934 val_worst=0.892 test_acc=0.839 test_worst=0.823 (8.0s)
[ 31/70] ren2018    ratio=0.90 seed=0 val_acc=0.902 val_worst=0.856 test_acc=0.768 test_worst=0.746 (4.5s)
[ 32/70] ren2018    ratio=0.90 seed=1 val_acc=0.924 val_worst=0.888 test_acc=0.883 test_worst=0.875 (3.3s)
[ 33/70] ren2018    ratio=0.90 seed=2 val_acc=0.902 val_worst=0.856 test_acc=0.794 test_worst=0.776 (2.8s)
[ 34/70] ren2018    ratio=0.90 seed=3 val_acc=0.936 val_worst=0.912 test_acc=0.862 test_worst=0.852 (2.8s)
[ 35/70] ren2018    ratio=0.90 seed=4 val_acc=0.894 val_worst=0.856 test_acc=0.749 test_worst=0.727 (2.8s)
[ 36/70] ren2018    ratio=0.90 seed=5 val_acc=0.910 val_worst=0.868 test_acc=0.785 test_worst=0.764 (2.7s)
[ 37/70] ren2018    ratio=0.90 seed=6 val_acc=0.908 val_worst=0.880 test_acc=0.843 test_worst=0.832 (2.8s)
[ 38/70] ren2018    ratio=0.90 seed=7 val_acc=0.932 val_worst=0.904 test_acc=0.748 test_worst=0.724 (2.7s)
[ 39/70] ren2018    ratio=0.90 seed=8 val_acc=0.930 val_worst=0.896 test_acc=0.872 test_worst=0.860 (4.4s)
[ 40/70] ren2018    ratio=0.90 seed=9 val_acc=0.912 val_worst=0.868 test_acc=0.826 test_worst=0.809 (4.4s)
[ 41/70] jtt        ratio=0.90 seed=0 val_acc=0.936 val_worst=0.924 test_acc=0.911 test_worst=0.905 (1.0s)
[ 42/70] jtt        ratio=0.90 seed=1 val_acc=0.928 val_worst=0.884 test_acc=0.823 test_worst=0.808 (1.1s)
[ 43/70] jtt        ratio=0.90 seed=2 val_acc=0.960 val_worst=0.952 test_acc=0.925 test_worst=0.922 (1.1s)
[ 44/70] jtt        ratio=0.90 seed=3 val_acc=0.944 val_worst=0.920 test_acc=0.925 test_worst=0.919 (1.1s)
[ 45/70] jtt        ratio=0.90 seed=4 val_acc=0.948 val_worst=0.940 test_acc=0.905 test_worst=0.900 (1.2s)
[ 46/70] jtt        ratio=0.90 seed=5 val_acc=0.902 val_worst=0.876 test_acc=0.803 test_worst=0.788 (1.1s)
[ 47/70] jtt        ratio=0.90 seed=6 val_acc=0.910 val_worst=0.880 test_acc=0.799 test_worst=0.781 (1.0s)
[ 48/70] jtt        ratio=0.90 seed=7 val_acc=0.970 val_worst=0.968 test_acc=0.936 test_worst=0.935 (1.1s)
[ 49/70] jtt        ratio=0.90 seed=8 val_acc=0.940 val_worst=0.940 test_acc=0.931 test_worst=0.926 (1.1s)
[ 50/70] jtt        ratio=0.90 seed=9 val_acc=0.952 val_worst=0.924 test_acc=0.902 test_worst=0.894 (1.1s)
[ 51/70] groupdro   ratio=0.90 seed=0 val_acc=0.926 val_worst=0.904 test_acc=0.891 test_worst=0.885 (1.6s)
[ 52/70] groupdro   ratio=0.90 seed=1 val_acc=0.924 val_worst=0.896 test_acc=0.902 test_worst=0.896 (1.5s)
[ 53/70] groupdro   ratio=0.90 seed=2 val_acc=0.942 val_worst=0.908 test_acc=0.878 test_worst=0.869 (1.5s)
[ 54/70] groupdro   ratio=0.90 seed=3 val_acc=0.948 val_worst=0.924 test_acc=0.915 test_worst=0.909 (1.6s)
[ 55/70] groupdro   ratio=0.90 seed=4 val_acc=0.944 val_worst=0.944 test_acc=0.911 test_worst=0.905 (1.5s)
[ 56/70] groupdro   ratio=0.90 seed=5 val_acc=0.936 val_worst=0.928 test_acc=0.906 test_worst=0.899 (1.5s)
[ 57/70] groupdro   ratio=0.90 seed=6 val_acc=0.924 val_worst=0.920 test_acc=0.910 test_worst=0.907 (1.5s)
[ 58/70] groupdro   ratio=0.90 seed=7 val_acc=0.956 val_worst=0.952 test_acc=0.922 test_worst=0.919 (1.6s)
[ 59/70] groupdro   ratio=0.90 seed=8 val_acc=0.936 val_worst=0.928 test_acc=0.926 test_worst=0.921 (1.5s)
[ 60/70] groupdro   ratio=0.90 seed=9 val_acc=0.936 val_worst=0.916 test_acc=0.898 test_worst=0.891 (1.5s)
[ 61/70] irm        ratio=0.90 seed=0 val_acc=0.656 val_worst=0.500 test_acc=0.314 test_worst=0.257 (2.1s)
[ 62/70] irm        ratio=0.90 seed=1 val_acc=0.674 val_worst=0.648 test_acc=0.548 test_worst=0.533 (1.8s)
[ 63/70] irm        ratio=0.90 seed=2 val_acc=0.670 val_worst=0.524 test_acc=0.270 test_worst=0.204 (2.2s)
[ 64/70] irm        ratio=0.90 seed=3 val_acc=0.634 val_worst=0.560 test_acc=0.410 test_worst=0.364 (1.9s)
[ 65/70] irm        ratio=0.90 seed=4 val_acc=0.702 val_worst=0.648 test_acc=0.524 test_worst=0.499 (2.2s)
[ 66/70] irm        ratio=0.90 seed=5 val_acc=0.690 val_worst=0.572 test_acc=0.346 test_worst=0.289 (1.9s)
[ 67/70] irm        ratio=0.90 seed=6 val_acc=0.696 val_worst=0.648 test_acc=0.615 test_worst=0.597 (2.1s)
[ 68/70] irm        ratio=0.90 seed=7 val_acc=0.672 val_worst=0.512 test_acc=0.171 test_worst=0.092 (2.0s)
[ 69/70] irm        ratio=0.90 seed=8 val_acc=0.662 val_worst=0.636 test_acc=0.537 test_worst=0.516 (2.2s)
[ 70/70] irm        ratio=0.90 seed=9 val_acc=0.718 val_worst=0.648 test_acc=0.540 test_worst=0.508 (2.1s)
[e3] results/e3/20260507-063956/sweep_results.json  (197.1s total)
