/home/users/yonghee/.conda/envs/fl_shapley/lib/python3.9/site-packages/torch/cuda/__init__.py:63: FutureWarning: The pynvml package is deprecated. Please install nvidia-ml-py instead. If you did not install pynvml directly, please report this to the maintainers of the package that installed pynvml for you.
  import pynvml  # type: ignore[import]
[e3] writing to results/e3/20260506-183015
[  1/40] vanilla    ratio=0.90 seed=0 val_acc=0.696 val_worst=0.472 test_acc=0.101 (1.6s)
[  2/40] vanilla    ratio=0.90 seed=1 val_acc=0.700 val_worst=0.516 test_acc=0.090 (1.2s)
[  3/40] vanilla    ratio=0.90 seed=2 val_acc=0.682 val_worst=0.452 test_acc=0.100 (1.2s)
[  4/40] vanilla    ratio=0.90 seed=3 val_acc=0.692 val_worst=0.492 test_acc=0.101 (1.3s)
[  5/40] vanilla    ratio=0.90 seed=4 val_acc=0.698 val_worst=0.504 test_acc=0.096 (1.2s)
[  6/40] vanilla    ratio=0.90 seed=5 val_acc=0.658 val_worst=0.440 test_acc=0.098 (1.3s)
[  7/40] vanilla    ratio=0.90 seed=6 val_acc=0.702 val_worst=0.512 test_acc=0.097 (1.2s)
[  8/40] vanilla    ratio=0.90 seed=7 val_acc=0.706 val_worst=0.496 test_acc=0.093 (1.3s)
[  9/40] vanilla    ratio=0.90 seed=8 val_acc=0.692 val_worst=0.476 test_acc=0.100 (1.2s)
[ 10/40] vanilla    ratio=0.90 seed=9 val_acc=0.676 val_worst=0.496 test_acc=0.102 (1.3s)
[ 11/40] fairds-1   ratio=0.90 seed=0 val_acc=0.696 val_worst=0.472 test_acc=0.101 (4.8s)
[ 12/40] fairds-1   ratio=0.90 seed=1 val_acc=0.748 val_worst=0.588 test_acc=0.208 (4.8s)
[ 13/40] fairds-1   ratio=0.90 seed=2 val_acc=0.682 val_worst=0.452 test_acc=0.100 (4.7s)
[ 14/40] fairds-1   ratio=0.90 seed=3 val_acc=0.718 val_worst=0.568 test_acc=0.289 (4.8s)
[ 15/40] fairds-1   ratio=0.90 seed=4 val_acc=0.698 val_worst=0.504 test_acc=0.096 (4.9s)
[ 16/40] fairds-1   ratio=0.90 seed=5 val_acc=0.666 val_worst=0.456 test_acc=0.107 (4.8s)
[ 17/40] fairds-1   ratio=0.90 seed=6 val_acc=0.722 val_worst=0.608 test_acc=0.299 (4.8s)
[ 18/40] fairds-1   ratio=0.90 seed=7 val_acc=0.706 val_worst=0.496 test_acc=0.095 (4.8s)
[ 19/40] fairds-1   ratio=0.90 seed=8 val_acc=0.748 val_worst=0.632 test_acc=0.361 (4.8s)
[ 20/40] fairds-1   ratio=0.90 seed=9 val_acc=0.698 val_worst=0.560 test_acc=0.282 (4.5s)
[ 21/40] fairds-2   ratio=0.90 seed=0 val_acc=0.696 val_worst=0.472 test_acc=0.101 (9.2s)
[ 22/40] fairds-2   ratio=0.90 seed=1 val_acc=0.760 val_worst=0.612 test_acc=0.243 (8.9s)
[ 23/40] fairds-2   ratio=0.90 seed=2 val_acc=0.682 val_worst=0.452 test_acc=0.100 (8.9s)
[ 24/40] fairds-2   ratio=0.90 seed=3 val_acc=0.688 val_worst=0.556 test_acc=0.332 (8.8s)
[ 25/40] fairds-2   ratio=0.90 seed=4 val_acc=0.698 val_worst=0.504 test_acc=0.096 (9.2s)
[ 26/40] fairds-2   ratio=0.90 seed=5 val_acc=0.664 val_worst=0.452 test_acc=0.108 (6.7s)
[ 27/40] fairds-2   ratio=0.90 seed=6 val_acc=0.726 val_worst=0.624 test_acc=0.335 (6.7s)
[ 28/40] fairds-2   ratio=0.90 seed=7 val_acc=0.724 val_worst=0.532 test_acc=0.143 (7.8s)
[ 29/40] fairds-2   ratio=0.90 seed=8 val_acc=0.744 val_worst=0.636 test_acc=0.426 (6.7s)
[ 30/40] fairds-2   ratio=0.90 seed=9 val_acc=0.710 val_worst=0.584 test_acc=0.347 (8.8s)
[ 31/40] ren2018    ratio=0.90 seed=0 val_acc=0.696 val_worst=0.472 test_acc=0.101 (3.6s)
[ 32/40] ren2018    ratio=0.90 seed=1 val_acc=0.752 val_worst=0.596 test_acc=0.203 (5.1s)
[ 33/40] ren2018    ratio=0.90 seed=2 val_acc=0.682 val_worst=0.452 test_acc=0.100 (5.1s)
[ 34/40] ren2018    ratio=0.90 seed=3 val_acc=0.710 val_worst=0.516 test_acc=0.136 (4.9s)
[ 35/40] ren2018    ratio=0.90 seed=4 val_acc=0.698 val_worst=0.504 test_acc=0.096 (4.9s)
[ 36/40] ren2018    ratio=0.90 seed=5 val_acc=0.672 val_worst=0.468 test_acc=0.128 (3.6s)
[ 37/40] ren2018    ratio=0.90 seed=6 val_acc=0.706 val_worst=0.520 test_acc=0.106 (3.6s)
[ 38/40] ren2018    ratio=0.90 seed=7 val_acc=0.706 val_worst=0.496 test_acc=0.093 (3.6s)
[ 39/40] ren2018    ratio=0.90 seed=8 val_acc=0.700 val_worst=0.492 test_acc=0.115 (3.6s)
[ 40/40] ren2018    ratio=0.90 seed=9 val_acc=0.682 val_worst=0.504 test_acc=0.121 (3.6s)
[e3] results/e3/20260506-183015/sweep_results.json  (183.7s total)
