/home/users/yonghee/.conda/envs/fl_shapley/lib/python3.9/site-packages/torch/cuda/__init__.py:63: FutureWarning: The pynvml package is deprecated. Please install nvidia-ml-py instead. If you did not install pynvml directly, please report this to the maintainers of the package that installed pynvml for you.
  import pynvml  # type: ignore[import]
[e3] writing to results/e3_resid/base/20260602-110817
[  1/40] vanilla    ratio=0.90 seed=0 val_acc=0.884 val_worst=0.808 test_acc=0.703 test_worst=0.671 (1.6s)
[  2/40] vanilla    ratio=0.90 seed=1 val_acc=0.918 val_worst=0.876 test_acc=0.798 test_worst=0.780 (1.2s)
[  3/40] vanilla    ratio=0.90 seed=2 val_acc=0.874 val_worst=0.800 test_acc=0.670 test_worst=0.636 (1.2s)
[  4/40] vanilla    ratio=0.90 seed=3 val_acc=0.912 val_worst=0.856 test_acc=0.759 test_worst=0.736 (1.2s)
[  5/40] vanilla    ratio=0.90 seed=4 val_acc=0.756 val_worst=0.720 test_acc=0.654 test_worst=0.643 (1.2s)
[  6/40] vanilla    ratio=0.90 seed=5 val_acc=0.842 val_worst=0.820 test_acc=0.706 test_worst=0.685 (1.3s)
[  7/40] vanilla    ratio=0.90 seed=6 val_acc=0.874 val_worst=0.844 test_acc=0.783 test_worst=0.765 (1.2s)
[  8/40] vanilla    ratio=0.90 seed=7 val_acc=0.656 val_worst=0.640 test_acc=0.572 test_worst=0.560 (1.2s)
[  9/40] vanilla    ratio=0.90 seed=8 val_acc=0.884 val_worst=0.812 test_acc=0.760 test_worst=0.734 (1.2s)
[ 10/40] vanilla    ratio=0.90 seed=9 val_acc=0.904 val_worst=0.848 test_acc=0.750 test_worst=0.724 (1.2s)
[ 11/40] fairds-1   ratio=0.90 seed=0 val_acc=0.904 val_worst=0.868 test_acc=0.788 test_worst=0.767 (4.7s)
[ 12/40] fairds-1   ratio=0.90 seed=1 val_acc=0.902 val_worst=0.868 test_acc=0.868 test_worst=0.859 (4.5s)
[ 13/40] fairds-1   ratio=0.90 seed=2 val_acc=0.854 val_worst=0.780 test_acc=0.721 test_worst=0.695 (4.5s)
[ 14/40] fairds-1   ratio=0.90 seed=3 val_acc=0.886 val_worst=0.864 test_acc=0.852 test_worst=0.842 (4.5s)
[ 15/40] fairds-1   ratio=0.90 seed=4 val_acc=0.728 val_worst=0.708 test_acc=0.682 test_worst=0.678 (4.6s)
[ 16/40] fairds-1   ratio=0.90 seed=5 val_acc=0.802 val_worst=0.800 test_acc=0.702 test_worst=0.686 (4.5s)
[ 17/40] fairds-1   ratio=0.90 seed=6 val_acc=0.904 val_worst=0.888 test_acc=0.856 test_worst=0.848 (4.5s)
[ 18/40] fairds-1   ratio=0.90 seed=7 val_acc=0.932 val_worst=0.900 test_acc=0.752 test_worst=0.729 (4.3s)
[ 19/40] fairds-1   ratio=0.90 seed=8 val_acc=0.906 val_worst=0.864 test_acc=0.869 test_worst=0.857 (4.2s)
[ 20/40] fairds-1   ratio=0.90 seed=9 val_acc=0.900 val_worst=0.876 test_acc=0.822 test_worst=0.810 (4.1s)
[ 21/40] fairds-2   ratio=0.90 seed=0 val_acc=0.890 val_worst=0.844 test_acc=0.755 test_worst=0.732 (8.2s)
[ 22/40] fairds-2   ratio=0.90 seed=1 val_acc=0.898 val_worst=0.852 test_acc=0.813 test_worst=0.798 (8.1s)
[ 23/40] fairds-2   ratio=0.90 seed=2 val_acc=0.908 val_worst=0.872 test_acc=0.831 test_worst=0.816 (8.2s)
[ 24/40] fairds-2   ratio=0.90 seed=3 val_acc=0.938 val_worst=0.896 test_acc=0.891 test_worst=0.882 (8.2s)
[ 25/40] fairds-2   ratio=0.90 seed=4 val_acc=0.810 val_worst=0.808 test_acc=0.809 test_worst=0.804 (8.2s)
[ 26/40] fairds-2   ratio=0.90 seed=5 val_acc=0.886 val_worst=0.880 test_acc=0.846 test_worst=0.838 (8.2s)
[ 27/40] fairds-2   ratio=0.90 seed=6 val_acc=0.918 val_worst=0.908 test_acc=0.877 test_worst=0.869 (8.2s)
[ 28/40] fairds-2   ratio=0.90 seed=7 val_acc=0.940 val_worst=0.936 test_acc=0.816 test_worst=0.802 (8.1s)
[ 29/40] fairds-2   ratio=0.90 seed=8 val_acc=0.930 val_worst=0.892 test_acc=0.883 test_worst=0.873 (8.2s)
[ 30/40] fairds-2   ratio=0.90 seed=9 val_acc=0.934 val_worst=0.892 test_acc=0.839 test_worst=0.823 (8.1s)
[ 31/40] ren2018    ratio=0.90 seed=0 val_acc=0.902 val_worst=0.856 test_acc=0.768 test_worst=0.746 (4.5s)
[ 32/40] ren2018    ratio=0.90 seed=1 val_acc=0.924 val_worst=0.888 test_acc=0.883 test_worst=0.875 (4.5s)
[ 33/40] ren2018    ratio=0.90 seed=2 val_acc=0.902 val_worst=0.856 test_acc=0.794 test_worst=0.776 (3.1s)
[ 34/40] ren2018    ratio=0.90 seed=3 val_acc=0.936 val_worst=0.912 test_acc=0.862 test_worst=0.852 (2.8s)
[ 35/40] ren2018    ratio=0.90 seed=4 val_acc=0.894 val_worst=0.856 test_acc=0.749 test_worst=0.727 (4.4s)
[ 36/40] ren2018    ratio=0.90 seed=5 val_acc=0.910 val_worst=0.868 test_acc=0.785 test_worst=0.764 (4.5s)
[ 37/40] ren2018    ratio=0.90 seed=6 val_acc=0.908 val_worst=0.880 test_acc=0.843 test_worst=0.832 (4.5s)
[ 38/40] ren2018    ratio=0.90 seed=7 val_acc=0.932 val_worst=0.904 test_acc=0.748 test_worst=0.724 (4.5s)
[ 39/40] ren2018    ratio=0.90 seed=8 val_acc=0.930 val_worst=0.896 test_acc=0.872 test_worst=0.860 (4.5s)
[ 40/40] ren2018    ratio=0.90 seed=9 val_acc=0.912 val_worst=0.868 test_acc=0.826 test_worst=0.809 (4.5s)
[e3] results/e3_resid/base/20260602-110817/sweep_results.json  (179.9s total)
/home/users/yonghee/.conda/envs/fl_shapley/lib/python3.9/site-packages/torch/cuda/__init__.py:63: FutureWarning: The pynvml package is deprecated. Please install nvidia-ml-py instead. If you did not install pynvml directly, please report this to the maintainers of the package that installed pynvml for you.
  import pynvml  # type: ignore[import]
[e3] writing to results/e3_resid/residual_real/20260602-111119
[  1/10] fairds-2   ratio=0.90 seed=0 val_acc=0.896 val_worst=0.852 test_acc=0.818 test_worst=0.803 (6.0s)
[  2/10] fairds-2   ratio=0.90 seed=1 val_acc=0.918 val_worst=0.912 test_acc=0.877 test_worst=0.869 (5.7s)
[  3/10] fairds-2   ratio=0.90 seed=2 val_acc=0.846 val_worst=0.796 test_acc=0.710 test_worst=0.686 (5.7s)
[  4/10] fairds-2   ratio=0.90 seed=3 val_acc=0.908 val_worst=0.872 test_acc=0.852 test_worst=0.840 (5.7s)
[  5/10] fairds-2   ratio=0.90 seed=4 val_acc=0.796 val_worst=0.784 test_acc=0.830 test_worst=0.764 (8.9s)
[  6/10] fairds-2   ratio=0.90 seed=5 val_acc=0.892 val_worst=0.876 test_acc=0.768 test_worst=0.747 (8.8s)
[  7/10] fairds-2   ratio=0.90 seed=6 val_acc=0.920 val_worst=0.900 test_acc=0.885 test_worst=0.878 (8.9s)
[  8/10] fairds-2   ratio=0.90 seed=7 val_acc=0.944 val_worst=0.940 test_acc=0.837 test_worst=0.826 (8.8s)
[  9/10] fairds-2   ratio=0.90 seed=8 val_acc=0.920 val_worst=0.896 test_acc=0.887 test_worst=0.879 (8.8s)
[ 10/10] fairds-2   ratio=0.90 seed=9 val_acc=0.926 val_worst=0.908 test_acc=0.870 test_worst=0.862 (8.8s)
[e3] results/e3_resid/residual_real/20260602-111119/sweep_results.json  (76.1s total)
/home/users/yonghee/.conda/envs/fl_shapley/lib/python3.9/site-packages/torch/cuda/__init__.py:63: FutureWarning: The pynvml package is deprecated. Please install nvidia-ml-py instead. If you did not install pynvml directly, please report this to the maintainers of the package that installed pynvml for you.
  import pynvml  # type: ignore[import]
[e3] writing to results/e3_resid/residual_shuffle/20260602-111237
[  1/10] fairds-2   ratio=0.90 seed=0 val_acc=0.860 val_worst=0.828 test_acc=0.800 test_worst=0.789 (8.0s)
[  2/10] fairds-2   ratio=0.90 seed=1 val_acc=0.888 val_worst=0.836 test_acc=0.829 test_worst=0.818 (7.1s)
[  3/10] fairds-2   ratio=0.90 seed=2 val_acc=0.888 val_worst=0.860 test_acc=0.829 test_worst=0.819 (7.4s)
[  4/10] fairds-2   ratio=0.90 seed=3 val_acc=0.920 val_worst=0.884 test_acc=0.844 test_worst=0.830 (6.3s)
[  5/10] fairds-2   ratio=0.90 seed=4 val_acc=0.660 val_worst=0.620 test_acc=0.825 test_worst=0.572 (6.3s)
[  6/10] fairds-2   ratio=0.90 seed=5 val_acc=0.878 val_worst=0.868 test_acc=0.809 test_worst=0.797 (6.2s)
[  7/10] fairds-2   ratio=0.90 seed=6 val_acc=0.900 val_worst=0.888 test_acc=0.871 test_worst=0.863 (5.2s)
[  8/10] fairds-2   ratio=0.90 seed=7 val_acc=0.904 val_worst=0.876 test_acc=0.709 test_worst=0.687 (4.9s)
[  9/10] fairds-2   ratio=0.90 seed=8 val_acc=0.920 val_worst=0.876 test_acc=0.836 test_worst=0.821 (5.6s)
[ 10/10] fairds-2   ratio=0.90 seed=9 val_acc=0.932 val_worst=0.896 test_acc=0.830 test_worst=0.815 (5.5s)
[e3] results/e3_resid/residual_shuffle/20260602-111237/sweep_results.json  (62.5s total)
/home/users/yonghee/.conda/envs/fl_shapley/lib/python3.9/site-packages/torch/cuda/__init__.py:63: FutureWarning: The pynvml package is deprecated. Please install nvidia-ml-py instead. If you did not install pynvml directly, please report this to the maintainers of the package that installed pynvml for you.
  import pynvml  # type: ignore[import]
[e3] writing to results/e3_resid/parallel/20260602-111341
[  1/10] fairds-2   ratio=0.90 seed=0 val_acc=0.918 val_worst=0.876 test_acc=0.804 test_worst=0.785 (6.1s)
[  2/10] fairds-2   ratio=0.90 seed=1 val_acc=0.930 val_worst=0.912 test_acc=0.882 test_worst=0.874 (5.2s)
[  3/10] fairds-2   ratio=0.90 seed=2 val_acc=0.900 val_worst=0.876 test_acc=0.830 test_worst=0.819 (5.1s)
[  4/10] fairds-2   ratio=0.90 seed=3 val_acc=0.916 val_worst=0.880 test_acc=0.849 test_worst=0.836 (8.1s)
[  5/10] fairds-2   ratio=0.90 seed=4 val_acc=0.654 val_worst=0.632 test_acc=0.789 test_worst=0.562 (7.6s)
[  6/10] fairds-2   ratio=0.90 seed=5 val_acc=0.918 val_worst=0.880 test_acc=0.776 test_worst=0.754 (4.9s)
[  7/10] fairds-2   ratio=0.90 seed=6 val_acc=0.892 val_worst=0.868 test_acc=0.786 test_worst=0.769 (8.1s)
[  8/10] fairds-2   ratio=0.90 seed=7 val_acc=0.930 val_worst=0.908 test_acc=0.750 test_worst=0.729 (8.1s)
[  9/10] fairds-2   ratio=0.90 seed=8 val_acc=0.908 val_worst=0.876 test_acc=0.855 test_worst=0.842 (8.1s)
[ 10/10] fairds-2   ratio=0.90 seed=9 val_acc=0.934 val_worst=0.900 test_acc=0.877 test_worst=0.867 (7.9s)
[e3] results/e3_resid/parallel/20260602-111341/sweep_results.json  (69.4s total)
