/home/users/yonghee/.conda/envs/fl_shapley/lib/python3.9/site-packages/torch/cuda/__init__.py:63: FutureWarning: The pynvml package is deprecated. Please install nvidia-ml-py instead. If you did not install pynvml directly, please report this to the maintainers of the package that installed pynvml for you.
  import pynvml  # type: ignore[import]
[strength] writing to results/e3_strength/20260507-064949
[  1/100] vanilla    p=0.70 seed=0 test_worst=0.899
[  2/100] vanilla    p=0.70 seed=1 test_worst=0.912
[  3/100] vanilla    p=0.70 seed=2 test_worst=0.813
[  4/100] vanilla    p=0.70 seed=3 test_worst=0.906
[  5/100] vanilla    p=0.70 seed=4 test_worst=0.919
[  6/100] vanilla    p=0.80 seed=0 test_worst=0.850
[  7/100] vanilla    p=0.80 seed=1 test_worst=0.876
[  8/100] vanilla    p=0.80 seed=2 test_worst=0.733
[  9/100] vanilla    p=0.80 seed=3 test_worst=0.874
[ 10/100] vanilla    p=0.80 seed=4 test_worst=0.870
[ 11/100] vanilla    p=0.90 seed=0 test_worst=0.671
[ 12/100] vanilla    p=0.90 seed=1 test_worst=0.780
[ 13/100] vanilla    p=0.90 seed=2 test_worst=0.636
[ 14/100] vanilla    p=0.90 seed=3 test_worst=0.736
[ 15/100] vanilla    p=0.90 seed=4 test_worst=0.643
[ 16/100] vanilla    p=0.95 seed=0 test_worst=0.335
[ 17/100] vanilla    p=0.95 seed=1 test_worst=0.562
[ 18/100] vanilla    p=0.95 seed=2 test_worst=0.515
[ 19/100] vanilla    p=0.95 seed=3 test_worst=0.576
[ 20/100] vanilla    p=0.95 seed=4 test_worst=0.548
[ 21/100] vanilla    p=0.99 seed=0 test_worst=0.053
[ 22/100] vanilla    p=0.99 seed=1 test_worst=0.199
[ 23/100] vanilla    p=0.99 seed=2 test_worst=0.187
[ 24/100] vanilla    p=0.99 seed=3 test_worst=0.353
[ 25/100] vanilla    p=0.99 seed=4 test_worst=0.141
[ 26/100] fairds-1   p=0.70 seed=0 test_worst=0.854
[ 27/100] fairds-1   p=0.70 seed=1 test_worst=0.900
[ 28/100] fairds-1   p=0.70 seed=2 test_worst=0.877
[ 29/100] fairds-1   p=0.70 seed=3 test_worst=0.906
[ 30/100] fairds-1   p=0.70 seed=4 test_worst=0.899
[ 31/100] fairds-1   p=0.80 seed=0 test_worst=0.852
[ 32/100] fairds-1   p=0.80 seed=1 test_worst=0.905
[ 33/100] fairds-1   p=0.80 seed=2 test_worst=0.844
[ 34/100] fairds-1   p=0.80 seed=3 test_worst=0.916
[ 35/100] fairds-1   p=0.80 seed=4 test_worst=0.826
[ 36/100] fairds-1   p=0.90 seed=0 test_worst=0.767
[ 37/100] fairds-1   p=0.90 seed=1 test_worst=0.859
[ 38/100] fairds-1   p=0.90 seed=2 test_worst=0.695
[ 39/100] fairds-1   p=0.90 seed=3 test_worst=0.842
[ 40/100] fairds-1   p=0.90 seed=4 test_worst=0.678
[ 41/100] fairds-1   p=0.95 seed=0 test_worst=0.751
[ 42/100] fairds-1   p=0.95 seed=1 test_worst=0.792
[ 43/100] fairds-1   p=0.95 seed=2 test_worst=0.648
[ 44/100] fairds-1   p=0.95 seed=3 test_worst=0.749
[ 45/100] fairds-1   p=0.95 seed=4 test_worst=0.573
[ 46/100] fairds-1   p=0.99 seed=0 test_worst=0.712
[ 47/100] fairds-1   p=0.99 seed=1 test_worst=0.715
[ 48/100] fairds-1   p=0.99 seed=2 test_worst=0.727
[ 49/100] fairds-1   p=0.99 seed=3 test_worst=0.603
[ 50/100] fairds-1   p=0.99 seed=4 test_worst=0.738
[ 51/100] fairds-2   p=0.70 seed=0 test_worst=0.786
[ 52/100] fairds-2   p=0.70 seed=1 test_worst=0.887
[ 53/100] fairds-2   p=0.70 seed=2 test_worst=0.876
[ 54/100] fairds-2   p=0.70 seed=3 test_worst=0.882
[ 55/100] fairds-2   p=0.70 seed=4 test_worst=0.920
[ 56/100] fairds-2   p=0.80 seed=0 test_worst=0.903
[ 57/100] fairds-2   p=0.80 seed=1 test_worst=0.909
[ 58/100] fairds-2   p=0.80 seed=2 test_worst=0.861
[ 59/100] fairds-2   p=0.80 seed=3 test_worst=0.633
[ 60/100] fairds-2   p=0.80 seed=4 test_worst=0.893
[ 61/100] fairds-2   p=0.90 seed=0 test_worst=0.732
[ 62/100] fairds-2   p=0.90 seed=1 test_worst=0.798
[ 63/100] fairds-2   p=0.90 seed=2 test_worst=0.816
[ 64/100] fairds-2   p=0.90 seed=3 test_worst=0.882
[ 65/100] fairds-2   p=0.90 seed=4 test_worst=0.804
[ 66/100] fairds-2   p=0.95 seed=0 test_worst=0.765
[ 67/100] fairds-2   p=0.95 seed=1 test_worst=0.695
[ 68/100] fairds-2   p=0.95 seed=2 test_worst=0.685
[ 69/100] fairds-2   p=0.95 seed=3 test_worst=0.808
[ 70/100] fairds-2   p=0.95 seed=4 test_worst=0.573
[ 71/100] fairds-2   p=0.99 seed=0 test_worst=0.614
[ 72/100] fairds-2   p=0.99 seed=1 test_worst=0.858
[ 73/100] fairds-2   p=0.99 seed=2 test_worst=0.731
[ 74/100] fairds-2   p=0.99 seed=3 test_worst=0.829
[ 75/100] fairds-2   p=0.99 seed=4 test_worst=0.664
[ 76/100] ren2018    p=0.70 seed=0 test_worst=0.889
[ 77/100] ren2018    p=0.70 seed=1 test_worst=0.915
[ 78/100] ren2018    p=0.70 seed=2 test_worst=0.891
[ 79/100] ren2018    p=0.70 seed=3 test_worst=0.923
[ 80/100] ren2018    p=0.70 seed=4 test_worst=0.903
[ 81/100] ren2018    p=0.80 seed=0 test_worst=0.855
[ 82/100] ren2018    p=0.80 seed=1 test_worst=0.771
[ 83/100] ren2018    p=0.80 seed=2 test_worst=0.846
[ 84/100] ren2018    p=0.80 seed=3 test_worst=0.898
[ 85/100] ren2018    p=0.80 seed=4 test_worst=0.810
[ 86/100] ren2018    p=0.90 seed=0 test_worst=0.746
[ 87/100] ren2018    p=0.90 seed=1 test_worst=0.875
[ 88/100] ren2018    p=0.90 seed=2 test_worst=0.776
[ 89/100] ren2018    p=0.90 seed=3 test_worst=0.852
[ 90/100] ren2018    p=0.90 seed=4 test_worst=0.727
[ 91/100] ren2018    p=0.95 seed=0 test_worst=0.771
[ 92/100] ren2018    p=0.95 seed=1 test_worst=0.817
[ 93/100] ren2018    p=0.95 seed=2 test_worst=0.734
[ 94/100] ren2018    p=0.95 seed=3 test_worst=0.809
[ 95/100] ren2018    p=0.95 seed=4 test_worst=0.814
[ 96/100] ren2018    p=0.99 seed=0 test_worst=0.635
[ 97/100] ren2018    p=0.99 seed=1 test_worst=0.772
[ 98/100] ren2018    p=0.99 seed=2 test_worst=0.521
[ 99/100] ren2018    p=0.99 seed=3 test_worst=0.786
[100/100] ren2018    p=0.99 seed=4 test_worst=0.699
[strength] results/e3_strength/20260507-064949/sweep_results.json  (325.4s)
