/home/users/yonghee/.conda/envs/fl_shapley/lib/python3.9/site-packages/torch/cuda/__init__.py:63: FutureWarning: The pynvml package is deprecated. Please install nvidia-ml-py instead. If you did not install pynvml directly, please report this to the maintainers of the package that installed pynvml for you.
  import pynvml  # type: ignore[import]
[e3b] writing to results/e3b_lastlayer/20260602-064215
[  1/40] vanilla    seed=0 val_acc=0.874 val_worst=0.313 test_acc=0.855 test_worst=0.313 (72.2s)
[  2/40] vanilla    seed=1 val_acc=0.881 val_worst=0.145 test_acc=0.841 test_worst=0.095 (81.7s)
[  3/40] vanilla    seed=2 val_acc=0.886 val_worst=0.217 test_acc=0.858 test_worst=0.206 (87.1s)
[  4/40] vanilla    seed=3 val_acc=0.878 val_worst=0.120 test_acc=0.851 test_worst=0.160 (86.0s)
[  5/40] vanilla    seed=4 val_acc=0.866 val_worst=0.072 test_acc=0.834 test_worst=0.083 (84.7s)
[  6/40] vanilla    seed=5 val_acc=0.881 val_worst=0.193 test_acc=0.848 test_worst=0.146 (89.1s)
[  7/40] vanilla    seed=6 val_acc=0.884 val_worst=0.241 test_acc=0.857 test_worst=0.224 (87.2s)
[  8/40] vanilla    seed=7 val_acc=0.879 val_worst=0.120 test_acc=0.836 test_worst=0.097 (84.4s)
[  9/40] vanilla    seed=8 val_acc=0.859 val_worst=0.458 test_acc=0.849 test_worst=0.428 (86.1s)
[ 10/40] vanilla    seed=9 val_acc=0.878 val_worst=0.084 test_acc=0.841 test_worst=0.109 (84.3s)
[ 11/40] fairds-1   seed=0 val_acc=0.629 val_worst=0.269 test_acc=0.647 test_worst=0.295 (184.2s)
[ 12/40] fairds-1   seed=1 val_acc=0.800 val_worst=0.446 test_acc=0.813 test_worst=0.438 (187.8s)
[ 13/40] fairds-1   seed=2 val_acc=0.699 val_worst=0.435 test_acc=0.706 test_worst=0.431 (116.6s)
[ 14/40] fairds-1   seed=3 val_acc=0.684 val_worst=0.428 test_acc=0.711 test_worst=0.462 (118.2s)
[ 15/40] fairds-1   seed=4 val_acc=0.616 val_worst=0.329 test_acc=0.644 test_worst=0.351 (115.8s)
[ 16/40] fairds-1   seed=5 val_acc=0.664 val_worst=0.363 test_acc=0.682 test_worst=0.382 (115.3s)
[ 17/40] fairds-1   seed=6 val_acc=0.764 val_worst=0.434 test_acc=0.773 test_worst=0.425 (113.4s)
[ 18/40] fairds-1   seed=7 val_acc=0.856 val_worst=0.084 test_acc=0.808 test_worst=0.042 (116.0s)
[ 19/40] fairds-1   seed=8 val_acc=0.739 val_worst=0.522 test_acc=0.738 test_worst=0.501 (113.2s)
[ 20/40] fairds-1   seed=9 val_acc=0.835 val_worst=0.229 test_acc=0.835 test_worst=0.330 (118.5s)
[ 21/40] fairds-2   seed=0 val_acc=0.580 val_worst=0.233 test_acc=0.608 test_worst=0.259 (134.6s)
[ 22/40] fairds-2   seed=1 val_acc=0.835 val_worst=0.217 test_acc=0.822 test_worst=0.190 (137.0s)
[ 23/40] fairds-2   seed=2 val_acc=0.805 val_worst=0.458 test_acc=0.806 test_worst=0.486 (138.5s)
[ 24/40] fairds-2   seed=3 val_acc=0.737 val_worst=0.512 test_acc=0.752 test_worst=0.546 (138.2s)
[ 25/40] fairds-2   seed=4 val_acc=0.696 val_worst=0.446 test_acc=0.741 test_worst=0.542 (134.6s)
[ 26/40] fairds-2   seed=5 val_acc=0.679 val_worst=0.397 test_acc=0.699 test_worst=0.418 (134.3s)
[ 27/40] fairds-2   seed=6 val_acc=0.728 val_worst=0.486 test_acc=0.734 test_worst=0.511 (138.6s)
[ 28/40] fairds-2   seed=7 val_acc=0.767 val_worst=0.570 test_acc=0.761 test_worst=0.520 (136.8s)
[ 29/40] fairds-2   seed=8 val_acc=0.771 val_worst=0.554 test_acc=0.766 test_worst=0.553 (134.8s)
[ 30/40] fairds-2   seed=9 val_acc=0.790 val_worst=0.313 test_acc=0.800 test_worst=0.413 (134.4s)
[ 31/40] ren2018    seed=0 val_acc=0.630 val_worst=0.310 test_acc=0.644 test_worst=0.318 (111.6s)
[ 32/40] ren2018    seed=1 val_acc=0.835 val_worst=0.494 test_acc=0.842 test_worst=0.503 (117.0s)
[ 33/40] ren2018    seed=2 val_acc=0.880 val_worst=0.386 test_acc=0.856 test_worst=0.369 (112.0s)
[ 34/40] ren2018    seed=3 val_acc=0.850 val_worst=0.398 test_acc=0.842 test_worst=0.408 (109.8s)
[ 35/40] ren2018    seed=4 val_acc=0.776 val_worst=0.506 test_acc=0.794 test_worst=0.612 (109.5s)
[ 36/40] ren2018    seed=5 val_acc=0.732 val_worst=0.510 test_acc=0.764 test_worst=0.566 (109.9s)
[ 37/40] ren2018    seed=6 val_acc=0.839 val_worst=0.349 test_acc=0.834 test_worst=0.369 (117.2s)
[ 38/40] ren2018    seed=7 val_acc=0.792 val_worst=0.590 test_acc=0.797 test_worst=0.629 (118.9s)
[ 39/40] ren2018    seed=8 val_acc=0.665 val_worst=0.392 test_acc=0.693 test_worst=0.438 (116.0s)
[ 40/40] ren2018    seed=9 val_acc=0.539 val_worst=0.200 test_acc=0.558 test_worst=0.189 (114.7s)
[e3b] results/e3b_lastlayer/20260602-064215/sweep_results.json  (4640.3s)
