/home/users/yonghee/.conda/envs/fl_shapley/lib/python3.9/site-packages/torch/cuda/__init__.py:63: FutureWarning: The pynvml package is deprecated. Please install nvidia-ml-py instead. If you did not install pynvml directly, please report this to the maintainers of the package that installed pynvml for you.
  import pynvml  # type: ignore[import]
[e5] writing to results/e5_corrupted_cifar/20260602-063050
[  1/60] vanilla    ratio=0.90 seed=0 val_acc=0.542 val_worst=0.532 test_acc=0.498 test_worst=0.493 (3.8s)
[  2/60] vanilla    ratio=0.90 seed=1 val_acc=0.720 val_worst=0.556 test_acc=0.138 test_worst=0.037 (2.8s)
[  3/60] vanilla    ratio=0.90 seed=2 val_acc=0.704 val_worst=0.516 test_acc=0.176 test_worst=0.085 (2.9s)
[  4/60] vanilla    ratio=0.90 seed=3 val_acc=0.722 val_worst=0.540 test_acc=0.153 test_worst=0.079 (2.8s)
[  5/60] vanilla    ratio=0.90 seed=4 val_acc=0.694 val_worst=0.556 test_acc=0.271 test_worst=0.197 (2.8s)
[  6/60] vanilla    ratio=0.90 seed=5 val_acc=0.644 val_worst=0.580 test_acc=0.422 test_worst=0.379 (3.0s)
[  7/60] vanilla    ratio=0.90 seed=6 val_acc=0.698 val_worst=0.600 test_acc=0.357 test_worst=0.302 (3.0s)
[  8/60] vanilla    ratio=0.90 seed=7 val_acc=0.700 val_worst=0.516 test_acc=0.158 test_worst=0.071 (2.9s)
[  9/60] vanilla    ratio=0.90 seed=8 val_acc=0.744 val_worst=0.572 test_acc=0.219 test_worst=0.135 (3.0s)
[ 10/60] vanilla    ratio=0.90 seed=9 val_acc=0.744 val_worst=0.584 test_acc=0.255 test_worst=0.180 (3.0s)
[ 11/60] fairds-1   ratio=0.90 seed=0 val_acc=0.728 val_worst=0.616 test_acc=0.354 test_worst=0.293 (15.1s)
[ 12/60] fairds-1   ratio=0.90 seed=1 val_acc=0.732 val_worst=0.676 test_acc=0.491 test_worst=0.447 (10.0s)
[ 13/60] fairds-1   ratio=0.90 seed=2 val_acc=0.722 val_worst=0.628 test_acc=0.429 test_worst=0.377 (11.5s)
[ 14/60] fairds-1   ratio=0.90 seed=3 val_acc=0.728 val_worst=0.576 test_acc=0.356 test_worst=0.306 (9.3s)
[ 15/60] fairds-1   ratio=0.90 seed=4 val_acc=0.724 val_worst=0.668 test_acc=0.555 test_worst=0.527 (10.0s)
[ 16/60] fairds-1   ratio=0.90 seed=5 val_acc=0.714 val_worst=0.596 test_acc=0.394 test_worst=0.336 (11.2s)
[ 17/60] fairds-1   ratio=0.90 seed=6 val_acc=0.744 val_worst=0.612 test_acc=0.331 test_worst=0.262 (12.5s)
[ 18/60] fairds-1   ratio=0.90 seed=7 val_acc=0.728 val_worst=0.648 test_acc=0.412 test_worst=0.361 (11.0s)
[ 19/60] fairds-1   ratio=0.90 seed=8 val_acc=0.734 val_worst=0.628 test_acc=0.463 test_worst=0.418 (15.3s)
[ 20/60] fairds-1   ratio=0.90 seed=9 val_acc=0.742 val_worst=0.648 test_acc=0.458 test_worst=0.416 (10.9s)
[ 21/60] fairds-2   ratio=0.90 seed=0 val_acc=0.734 val_worst=0.656 test_acc=0.476 test_worst=0.430 (15.9s)
[ 22/60] fairds-2   ratio=0.90 seed=1 val_acc=0.690 val_worst=0.596 test_acc=0.433 test_worst=0.388 (14.0s)
[ 23/60] fairds-2   ratio=0.90 seed=2 val_acc=0.700 val_worst=0.588 test_acc=0.452 test_worst=0.404 (13.0s)
[ 24/60] fairds-2   ratio=0.90 seed=3 val_acc=0.706 val_worst=0.604 test_acc=0.479 test_worst=0.449 (16.6s)
[ 25/60] fairds-2   ratio=0.90 seed=4 val_acc=0.700 val_worst=0.632 test_acc=0.545 test_worst=0.519 (18.1s)
[ 26/60] fairds-2   ratio=0.90 seed=5 val_acc=0.734 val_worst=0.644 test_acc=0.463 test_worst=0.416 (19.3s)
[ 27/60] fairds-2   ratio=0.90 seed=6 val_acc=0.744 val_worst=0.644 test_acc=0.400 test_worst=0.344 (11.4s)
[ 28/60] fairds-2   ratio=0.90 seed=7 val_acc=0.718 val_worst=0.664 test_acc=0.458 test_worst=0.417 (16.3s)
[ 29/60] fairds-2   ratio=0.90 seed=8 val_acc=0.756 val_worst=0.680 test_acc=0.513 test_worst=0.473 (14.9s)
[ 30/60] fairds-2   ratio=0.90 seed=9 val_acc=0.756 val_worst=0.676 test_acc=0.442 test_worst=0.394 (14.5s)
[ 31/60] ren2018    ratio=0.90 seed=0 val_acc=0.722 val_worst=0.632 test_acc=0.456 test_worst=0.407 (8.3s)
[ 32/60] ren2018    ratio=0.90 seed=1 val_acc=0.752 val_worst=0.704 test_acc=0.485 test_worst=0.439 (6.6s)
[ 33/60] ren2018    ratio=0.90 seed=2 val_acc=0.718 val_worst=0.596 test_acc=0.446 test_worst=0.394 (23.9s)
[ 34/60] ren2018    ratio=0.90 seed=3 val_acc=0.722 val_worst=0.584 test_acc=0.392 test_worst=0.348 (24.7s)
[ 35/60] ren2018    ratio=0.90 seed=4 val_acc=0.726 val_worst=0.612 test_acc=0.504 test_worst=0.467 (25.0s)
[ 36/60] ren2018    ratio=0.90 seed=5 val_acc=0.720 val_worst=0.620 test_acc=0.438 test_worst=0.385 (24.8s)
[ 37/60] ren2018    ratio=0.90 seed=6 val_acc=0.738 val_worst=0.584 test_acc=0.305 test_worst=0.230 (26.0s)
[ 38/60] ren2018    ratio=0.90 seed=7 val_acc=0.754 val_worst=0.644 test_acc=0.361 test_worst=0.300 (23.2s)
[ 39/60] ren2018    ratio=0.90 seed=8 val_acc=0.762 val_worst=0.684 test_acc=0.479 test_worst=0.435 (24.4s)
[ 40/60] ren2018    ratio=0.90 seed=9 val_acc=0.750 val_worst=0.644 test_acc=0.401 test_worst=0.346 (24.8s)
[ 41/60] jtt        ratio=0.90 seed=0 val_acc=0.678 val_worst=0.544 test_acc=0.338 test_worst=0.280 (4.3s)
[ 42/60] jtt        ratio=0.90 seed=1 val_acc=0.552 val_worst=0.492 test_acc=0.500 test_worst=0.499 (4.2s)
[ 43/60] jtt        ratio=0.90 seed=2 val_acc=0.716 val_worst=0.536 test_acc=0.206 test_worst=0.119 (3.9s)
[ 44/60] jtt        ratio=0.90 seed=3 val_acc=0.690 val_worst=0.556 test_acc=0.366 test_worst=0.324 (4.2s)
[ 45/60] jtt        ratio=0.90 seed=4 val_acc=0.718 val_worst=0.612 test_acc=0.340 test_worst=0.279 (4.1s)
[ 46/60] jtt        ratio=0.90 seed=5 val_acc=0.702 val_worst=0.556 test_acc=0.315 test_worst=0.243 (3.9s)
[ 47/60] jtt        ratio=0.90 seed=6 val_acc=0.732 val_worst=0.656 test_acc=0.541 test_worst=0.509 (4.1s)
[ 48/60] jtt        ratio=0.90 seed=7 val_acc=0.708 val_worst=0.700 test_acc=0.612 test_worst=0.594 (4.1s)
[ 49/60] jtt        ratio=0.90 seed=8 val_acc=0.484 val_worst=0.480 test_acc=0.500 test_worst=0.482 (4.0s)
[ 50/60] jtt        ratio=0.90 seed=9 val_acc=0.774 val_worst=0.640 test_acc=0.405 test_worst=0.348 (4.1s)
[ 51/60] groupdro   ratio=0.90 seed=0 val_acc=0.602 val_worst=0.600 test_acc=0.561 test_worst=0.559 (14.9s)
[ 52/60] groupdro   ratio=0.90 seed=1 val_acc=0.742 val_worst=0.684 test_acc=0.536 test_worst=0.499 (14.4s)
[ 53/60] groupdro   ratio=0.90 seed=2 val_acc=0.626 val_worst=0.596 test_acc=0.632 test_worst=0.623 (14.1s)
[ 54/60] groupdro   ratio=0.90 seed=3 val_acc=0.734 val_worst=0.668 test_acc=0.596 test_worst=0.579 (14.5s)
[ 55/60] groupdro   ratio=0.90 seed=4 val_acc=0.716 val_worst=0.652 test_acc=0.598 test_worst=0.579 (14.3s)
[ 56/60] groupdro   ratio=0.90 seed=5 val_acc=0.668 val_worst=0.628 test_acc=0.587 test_worst=0.565 (14.0s)
[ 57/60] groupdro   ratio=0.90 seed=6 val_acc=0.740 val_worst=0.660 test_acc=0.580 test_worst=0.554 (14.2s)
[ 58/60] groupdro   ratio=0.90 seed=7 val_acc=0.690 val_worst=0.676 test_acc=0.557 test_worst=0.533 (14.3s)
[ 59/60] groupdro   ratio=0.90 seed=8 val_acc=0.686 val_worst=0.660 test_acc=0.610 test_worst=0.592 (14.4s)
[ 60/60] groupdro   ratio=0.90 seed=9 val_acc=0.700 val_worst=0.644 test_acc=0.570 test_worst=0.553 (13.8s)
[e5] results/e5_corrupted_cifar/20260602-063050/sweep_results.json  (696.0s total)
