/home/users/yonghee/.conda/envs/fl_shapley/lib/python3.9/site-packages/torch/cuda/__init__.py:63: FutureWarning: The pynvml package is deprecated. Please install nvidia-ml-py instead. If you did not install pynvml directly, please report this to the maintainers of the package that installed pynvml for you.
  import pynvml  # type: ignore[import]
[e5] writing to results/e5_corrupted_cifar/20260602-061814
[  1/20] vanilla    ratio=0.90 seed=0 val_acc=0.542 val_worst=0.532 test_acc=0.498 test_worst=0.493 (4.1s)
[  2/20] vanilla    ratio=0.90 seed=1 val_acc=0.720 val_worst=0.556 test_acc=0.138 test_worst=0.037 (3.4s)
[  3/20] vanilla    ratio=0.90 seed=2 val_acc=0.704 val_worst=0.516 test_acc=0.176 test_worst=0.085 (3.4s)
[  4/20] vanilla    ratio=0.90 seed=3 val_acc=0.722 val_worst=0.540 test_acc=0.153 test_worst=0.079 (3.3s)
[  5/20] vanilla    ratio=0.90 seed=4 val_acc=0.694 val_worst=0.556 test_acc=0.271 test_worst=0.197 (3.4s)
[  6/20] fairds-1   ratio=0.90 seed=0 val_acc=0.728 val_worst=0.616 test_acc=0.354 test_worst=0.293 (50.0s)
[  7/20] fairds-1   ratio=0.90 seed=1 val_acc=0.732 val_worst=0.676 test_acc=0.491 test_worst=0.447 (49.1s)
[  8/20] fairds-1   ratio=0.90 seed=2 val_acc=0.722 val_worst=0.628 test_acc=0.429 test_worst=0.377 (51.2s)
[  9/20] fairds-1   ratio=0.90 seed=3 val_acc=0.728 val_worst=0.576 test_acc=0.356 test_worst=0.306 (50.1s)
[ 10/20] fairds-1   ratio=0.90 seed=4 val_acc=0.724 val_worst=0.668 test_acc=0.555 test_worst=0.527 (49.7s)
[ 11/20] fairds-2   ratio=0.90 seed=0 val_acc=0.734 val_worst=0.656 test_acc=0.476 test_worst=0.430 (54.5s)
[ 12/20] fairds-2   ratio=0.90 seed=1 val_acc=0.690 val_worst=0.596 test_acc=0.433 test_worst=0.388 (55.0s)
[ 13/20] fairds-2   ratio=0.90 seed=2 val_acc=0.700 val_worst=0.588 test_acc=0.452 test_worst=0.404 (53.6s)
[ 14/20] fairds-2   ratio=0.90 seed=3 val_acc=0.706 val_worst=0.604 test_acc=0.479 test_worst=0.449 (55.0s)
[ 15/20] fairds-2   ratio=0.90 seed=4 val_acc=0.700 val_worst=0.632 test_acc=0.545 test_worst=0.519 (55.5s)
[ 16/20] ren2018    ratio=0.90 seed=0 val_acc=0.722 val_worst=0.632 test_acc=0.456 test_worst=0.407 (26.1s)
[ 17/20] ren2018    ratio=0.90 seed=1 val_acc=0.752 val_worst=0.704 test_acc=0.485 test_worst=0.439 (25.0s)
[ 18/20] ren2018    ratio=0.90 seed=2 val_acc=0.718 val_worst=0.596 test_acc=0.446 test_worst=0.394 (25.8s)
[ 19/20] ren2018    ratio=0.90 seed=3 val_acc=0.722 val_worst=0.584 test_acc=0.392 test_worst=0.348 (10.3s)
[ 20/20] ren2018    ratio=0.90 seed=4 val_acc=0.726 val_worst=0.612 test_acc=0.504 test_worst=0.467 (6.7s)
[e5] results/e5_corrupted_cifar/20260602-061814/sweep_results.json  (635.1s total)
