/home/users/yonghee/.conda/envs/fl_shapley/lib/python3.9/site-packages/torch/cuda/__init__.py:63: FutureWarning: The pynvml package is deprecated. Please install nvidia-ml-py instead. If you did not install pynvml directly, please report this to the maintainers of the package that installed pynvml for you.
  import pynvml  # type: ignore[import]
[e5] writing to results/e5_strength/20260602-064734
[  1/60] vanilla    s=0.90 seed=0 val_worst=0.532 test_acc=0.498 test_worst=0.493 (3.9s)
[  2/60] vanilla    s=0.90 seed=1 val_worst=0.556 test_acc=0.138 test_worst=0.037 (3.5s)
[  3/60] vanilla    s=0.90 seed=2 val_worst=0.516 test_acc=0.176 test_worst=0.085 (3.5s)
[  4/60] vanilla    s=0.90 seed=3 val_worst=0.540 test_acc=0.153 test_worst=0.079 (3.5s)
[  5/60] vanilla    s=0.90 seed=4 val_worst=0.556 test_acc=0.271 test_worst=0.197 (3.4s)
[  6/60] vanilla    s=0.90 seed=5 val_worst=0.580 test_acc=0.422 test_worst=0.379 (3.5s)
[  7/60] vanilla    s=0.90 seed=6 val_worst=0.600 test_acc=0.357 test_worst=0.302 (3.4s)
[  8/60] vanilla    s=0.90 seed=7 val_worst=0.516 test_acc=0.158 test_worst=0.071 (3.3s)
[  9/60] vanilla    s=0.90 seed=8 val_worst=0.572 test_acc=0.219 test_worst=0.135 (3.3s)
[ 10/60] vanilla    s=0.90 seed=9 val_worst=0.584 test_acc=0.255 test_worst=0.180 (3.3s)
[ 11/60] vanilla    s=0.95 seed=0 val_worst=0.532 test_acc=0.500 test_worst=0.484 (3.3s)
[ 12/60] vanilla    s=0.95 seed=1 val_worst=0.544 test_acc=0.113 test_worst=0.010 (3.3s)
[ 13/60] vanilla    s=0.95 seed=2 val_worst=0.580 test_acc=0.189 test_worst=0.116 (3.3s)
[ 14/60] vanilla    s=0.95 seed=3 val_worst=0.464 test_acc=0.098 test_worst=0.003 (3.3s)
[ 15/60] vanilla    s=0.95 seed=4 val_worst=0.516 test_acc=0.102 test_worst=0.003 (3.2s)
[ 16/60] vanilla    s=0.95 seed=5 val_worst=0.600 test_acc=0.426 test_worst=0.385 (3.3s)
[ 17/60] vanilla    s=0.95 seed=6 val_worst=0.560 test_acc=0.106 test_worst=0.005 (3.3s)
[ 18/60] vanilla    s=0.95 seed=7 val_worst=0.528 test_acc=0.109 test_worst=0.009 (3.3s)
[ 19/60] vanilla    s=0.95 seed=8 val_worst=0.480 test_acc=0.127 test_worst=0.033 (3.3s)
[ 20/60] vanilla    s=0.95 seed=9 val_worst=0.564 test_acc=0.219 test_worst=0.137 (3.3s)
[ 21/60] vanilla    s=0.99 seed=0 val_worst=0.556 test_acc=0.482 test_worst=0.473 (3.4s)
[ 22/60] vanilla    s=0.99 seed=1 val_worst=0.476 test_acc=0.102 test_worst=0.001 (3.3s)
[ 23/60] vanilla    s=0.99 seed=2 val_worst=0.560 test_acc=0.149 test_worst=0.058 (3.3s)
[ 24/60] vanilla    s=0.99 seed=3 val_worst=0.556 test_acc=0.107 test_worst=0.000 (3.3s)
[ 25/60] vanilla    s=0.99 seed=4 val_worst=0.488 test_acc=0.099 test_worst=0.001 (3.2s)
[ 26/60] vanilla    s=0.99 seed=5 val_worst=0.536 test_acc=0.098 test_worst=0.000 (3.3s)
[ 27/60] vanilla    s=0.99 seed=6 val_worst=0.476 test_acc=0.101 test_worst=0.000 (3.3s)
[ 28/60] vanilla    s=0.99 seed=7 val_worst=0.556 test_acc=0.105 test_worst=0.000 (3.3s)
[ 29/60] vanilla    s=0.99 seed=8 val_worst=0.496 test_acc=0.089 test_worst=0.004 (3.7s)
[ 30/60] vanilla    s=0.99 seed=9 val_worst=0.520 test_acc=0.175 test_worst=0.075 (3.6s)
[ 31/60] fairds-2   s=0.90 seed=0 val_worst=0.656 test_acc=0.476 test_worst=0.430 (55.6s)
[ 32/60] fairds-2   s=0.90 seed=1 val_worst=0.596 test_acc=0.433 test_worst=0.388 (53.5s)
[ 33/60] fairds-2   s=0.90 seed=2 val_worst=0.588 test_acc=0.452 test_worst=0.404 (55.2s)
[ 34/60] fairds-2   s=0.90 seed=3 val_worst=0.604 test_acc=0.479 test_worst=0.449 (53.0s)
[ 35/60] fairds-2   s=0.90 seed=4 val_worst=0.632 test_acc=0.545 test_worst=0.519 (53.1s)
[ 36/60] fairds-2   s=0.90 seed=5 val_worst=0.644 test_acc=0.463 test_worst=0.416 (54.0s)
[ 37/60] fairds-2   s=0.90 seed=6 val_worst=0.644 test_acc=0.400 test_worst=0.344 (53.5s)
[ 38/60] fairds-2   s=0.90 seed=7 val_worst=0.664 test_acc=0.458 test_worst=0.417 (54.2s)
[ 39/60] fairds-2   s=0.90 seed=8 val_worst=0.680 test_acc=0.513 test_worst=0.473 (54.8s)
[ 40/60] fairds-2   s=0.90 seed=9 val_worst=0.676 test_acc=0.442 test_worst=0.394 (53.7s)
[ 41/60] fairds-2   s=0.95 seed=0 val_worst=0.608 test_acc=0.404 test_worst=0.341 (55.6s)
[ 42/60] fairds-2   s=0.95 seed=1 val_worst=0.636 test_acc=0.439 test_worst=0.387 (38.8s)
[ 43/60] fairds-2   s=0.95 seed=2 val_worst=0.640 test_acc=0.418 test_worst=0.374 (13.1s)
[ 44/60] fairds-2   s=0.95 seed=3 val_worst=0.592 test_acc=0.386 test_worst=0.330 (13.3s)
[ 45/60] fairds-2   s=0.95 seed=4 val_worst=0.652 test_acc=0.468 test_worst=0.422 (14.6s)
[ 46/60] fairds-2   s=0.95 seed=5 val_worst=0.668 test_acc=0.553 test_worst=0.524 (14.4s)
[ 47/60] fairds-2   s=0.95 seed=6 val_worst=0.592 test_acc=0.187 test_worst=0.095 (15.4s)
[ 48/60] fairds-2   s=0.95 seed=7 val_worst=0.588 test_acc=0.268 test_worst=0.195 (22.3s)
[ 49/60] fairds-2   s=0.95 seed=8 val_worst=0.604 test_acc=0.343 test_worst=0.280 (15.6s)
[ 50/60] fairds-2   s=0.95 seed=9 val_worst=0.588 test_acc=0.393 test_worst=0.335 (15.9s)
[ 51/60] fairds-2   s=0.99 seed=0 val_worst=0.568 test_acc=0.491 test_worst=0.478 (15.8s)
[ 52/60] fairds-2   s=0.99 seed=1 val_worst=0.620 test_acc=0.445 test_worst=0.398 (15.0s)
[ 53/60] fairds-2   s=0.99 seed=2 val_worst=0.600 test_acc=0.279 test_worst=0.203 (12.2s)
[ 54/60] fairds-2   s=0.99 seed=3 val_worst=0.660 test_acc=0.382 test_worst=0.319 (14.5s)
[ 55/60] fairds-2   s=0.99 seed=4 val_worst=0.584 test_acc=0.322 test_worst=0.258 (18.9s)
[ 56/60] fairds-2   s=0.99 seed=5 val_worst=0.584 test_acc=0.289 test_worst=0.216 (15.7s)
[ 57/60] fairds-2   s=0.99 seed=6 val_worst=0.564 test_acc=0.259 test_worst=0.180 (15.3s)
[ 58/60] fairds-2   s=0.99 seed=7 val_worst=0.612 test_acc=0.326 test_worst=0.255 (16.2s)
[ 59/60] fairds-2   s=0.99 seed=8 val_worst=0.604 test_acc=0.390 test_worst=0.339 (14.8s)
[ 60/60] fairds-2   s=0.99 seed=9 val_worst=0.556 test_acc=0.276 test_worst=0.190 (11.9s)
[e5] results/e5_strength/20260602-064734/sweep_results.json  (1011.1s total)
