/home/users/yonghee/.conda/envs/fl_shapley/lib/python3.9/site-packages/torch/cuda/__init__.py:63: FutureWarning: The pynvml package is deprecated. Please install nvidia-ml-py instead. If you did not install pynvml directly, please report this to the maintainers of the package that installed pynvml for you.
  import pynvml  # type: ignore[import]
[e1] writing to results/e1/20260506-132800
[  1/60] vanilla    ratio=0.5   seed=0 acc=0.977 dp_diff=0.015 (1.0s)
[  2/60] vanilla    ratio=0.5   seed=1 acc=0.972 dp_diff=0.015 (0.3s)
[  3/60] vanilla    ratio=0.5   seed=2 acc=0.975 dp_diff=0.000 (0.3s)
[  4/60] vanilla    ratio=0.5   seed=3 acc=0.980 dp_diff=0.020 (0.3s)
[  5/60] vanilla    ratio=0.5   seed=4 acc=0.977 dp_diff=0.005 (0.3s)
[  6/60] vanilla    ratio=0.7   seed=0 acc=0.965 dp_diff=0.040 (0.3s)
[  7/60] vanilla    ratio=0.7   seed=1 acc=0.975 dp_diff=0.020 (0.3s)
[  8/60] vanilla    ratio=0.7   seed=2 acc=0.975 dp_diff=0.000 (0.3s)
[  9/60] vanilla    ratio=0.7   seed=3 acc=0.985 dp_diff=0.020 (0.3s)
[ 10/60] vanilla    ratio=0.7   seed=4 acc=0.970 dp_diff=0.000 (0.3s)
[ 11/60] vanilla    ratio=0.9   seed=0 acc=0.967 dp_diff=0.035 (0.3s)
[ 12/60] vanilla    ratio=0.9   seed=1 acc=0.970 dp_diff=0.020 (0.3s)
[ 13/60] vanilla    ratio=0.9   seed=2 acc=0.977 dp_diff=0.015 (0.2s)
[ 14/60] vanilla    ratio=0.9   seed=3 acc=0.985 dp_diff=0.020 (0.2s)
[ 15/60] vanilla    ratio=0.9   seed=4 acc=0.975 dp_diff=0.010 (0.2s)
[ 16/60] vanilla    ratio=0.99  seed=0 acc=0.965 dp_diff=0.040 (0.2s)
[ 17/60] vanilla    ratio=0.99  seed=1 acc=0.975 dp_diff=0.020 (0.2s)
[ 18/60] vanilla    ratio=0.99  seed=2 acc=0.975 dp_diff=0.010 (0.2s)
[ 19/60] vanilla    ratio=0.99  seed=3 acc=0.982 dp_diff=0.025 (0.2s)
[ 20/60] vanilla    ratio=0.99  seed=4 acc=0.972 dp_diff=0.015 (0.2s)
[ 21/60] fairds-1   ratio=0.5   seed=0 acc=0.980 dp_diff=0.010 (3.9s)
[ 22/60] fairds-1   ratio=0.5   seed=1 acc=0.972 dp_diff=0.015 (5.8s)
[ 23/60] fairds-1   ratio=0.5   seed=2 acc=0.975 dp_diff=0.000 (4.0s)
[ 24/60] fairds-1   ratio=0.5   seed=3 acc=0.980 dp_diff=0.020 (3.7s)
[ 25/60] fairds-1   ratio=0.5   seed=4 acc=0.980 dp_diff=0.010 (5.1s)
[ 26/60] fairds-1   ratio=0.7   seed=0 acc=0.965 dp_diff=0.040 (4.6s)
[ 27/60] fairds-1   ratio=0.7   seed=1 acc=0.975 dp_diff=0.020 (4.5s)
[ 28/60] fairds-1   ratio=0.7   seed=2 acc=0.977 dp_diff=0.005 (4.5s)
[ 29/60] fairds-1   ratio=0.7   seed=3 acc=0.985 dp_diff=0.020 (5.1s)
[ 30/60] fairds-1   ratio=0.7   seed=4 acc=0.975 dp_diff=0.000 (6.1s)
[ 31/60] fairds-1   ratio=0.9   seed=0 acc=0.967 dp_diff=0.035 (6.2s)
[ 32/60] fairds-1   ratio=0.9   seed=1 acc=0.970 dp_diff=0.020 (6.2s)
[ 33/60] fairds-1   ratio=0.9   seed=2 acc=0.977 dp_diff=0.015 (6.2s)
[ 34/60] fairds-1   ratio=0.9   seed=3 acc=0.985 dp_diff=0.020 (6.2s)
[ 35/60] fairds-1   ratio=0.9   seed=4 acc=0.975 dp_diff=0.010 (6.2s)
[ 36/60] fairds-1   ratio=0.99  seed=0 acc=0.967 dp_diff=0.035 (6.1s)
[ 37/60] fairds-1   ratio=0.99  seed=1 acc=0.972 dp_diff=0.015 (6.1s)
[ 38/60] fairds-1   ratio=0.99  seed=2 acc=0.975 dp_diff=0.010 (6.1s)
[ 39/60] fairds-1   ratio=0.99  seed=3 acc=0.982 dp_diff=0.025 (6.2s)
[ 40/60] fairds-1   ratio=0.99  seed=4 acc=0.972 dp_diff=0.015 (6.1s)
[ 41/60] fairds-2   ratio=0.5   seed=0 acc=0.980 dp_diff=0.010 (6.5s)
[ 42/60] fairds-2   ratio=0.5   seed=1 acc=0.972 dp_diff=0.015 (6.3s)
[ 43/60] fairds-2   ratio=0.5   seed=2 acc=0.975 dp_diff=0.000 (6.5s)
[ 44/60] fairds-2   ratio=0.5   seed=3 acc=0.980 dp_diff=0.020 (6.5s)
[ 45/60] fairds-2   ratio=0.5   seed=4 acc=0.982 dp_diff=0.015 (6.5s)
[ 46/60] fairds-2   ratio=0.7   seed=0 acc=0.965 dp_diff=0.040 (6.5s)
[ 47/60] fairds-2   ratio=0.7   seed=1 acc=0.975 dp_diff=0.020 (6.5s)
[ 48/60] fairds-2   ratio=0.7   seed=2 acc=0.977 dp_diff=0.005 (6.5s)
[ 49/60] fairds-2   ratio=0.7   seed=3 acc=0.985 dp_diff=0.020 (6.5s)
[ 50/60] fairds-2   ratio=0.7   seed=4 acc=0.972 dp_diff=0.005 (6.5s)
[ 51/60] fairds-2   ratio=0.9   seed=0 acc=0.967 dp_diff=0.035 (6.5s)
[ 52/60] fairds-2   ratio=0.9   seed=1 acc=0.970 dp_diff=0.020 (6.5s)
[ 53/60] fairds-2   ratio=0.9   seed=2 acc=0.977 dp_diff=0.015 (6.5s)
[ 54/60] fairds-2   ratio=0.9   seed=3 acc=0.985 dp_diff=0.020 (6.6s)
[ 55/60] fairds-2   ratio=0.9   seed=4 acc=0.975 dp_diff=0.010 (6.5s)
[ 56/60] fairds-2   ratio=0.99  seed=0 acc=0.967 dp_diff=0.035 (6.5s)
[ 57/60] fairds-2   ratio=0.99  seed=1 acc=0.972 dp_diff=0.015 (6.5s)
[ 58/60] fairds-2   ratio=0.99  seed=2 acc=0.975 dp_diff=0.010 (6.5s)
[ 59/60] fairds-2   ratio=0.99  seed=3 acc=0.982 dp_diff=0.025 (6.5s)
[ 60/60] fairds-2   ratio=0.99  seed=4 acc=0.972 dp_diff=0.015 (6.6s)
[e1] results/e1/20260506-132800/sweep_results.json  (244.3s total)
