/home/users/yonghee/.conda/envs/fl_shapley/lib/python3.9/site-packages/torch/cuda/__init__.py:63: FutureWarning: The pynvml package is deprecated. Please install nvidia-ml-py instead. If you did not install pynvml directly, please report this to the maintainers of the package that installed pynvml for you.
  import pynvml  # type: ignore[import]
[e1b] writing to results/e1b/20260506-153909
[  1/60] vanilla    ratio=0.5   seed=0 acc=0.817 worst=0.633 dp=0.033 (1.3s)
[  2/60] vanilla    ratio=0.5   seed=1 acc=0.787 worst=0.573 dp=0.120 (0.5s)
[  3/60] vanilla    ratio=0.5   seed=2 acc=0.843 worst=0.687 dp=0.073 (0.5s)
[  4/60] vanilla    ratio=0.5   seed=3 acc=0.800 worst=0.600 dp=0.080 (0.5s)
[  5/60] vanilla    ratio=0.5   seed=4 acc=0.803 worst=0.607 dp=0.007 (0.5s)
[  6/60] vanilla    ratio=0.7   seed=0 acc=0.803 worst=0.607 dp=0.047 (0.5s)
[  7/60] vanilla    ratio=0.7   seed=1 acc=0.817 worst=0.633 dp=0.127 (0.5s)
[  8/60] vanilla    ratio=0.7   seed=2 acc=0.823 worst=0.647 dp=0.033 (0.4s)
[  9/60] vanilla    ratio=0.7   seed=3 acc=0.813 worst=0.627 dp=0.120 (0.4s)
[ 10/60] vanilla    ratio=0.7   seed=4 acc=0.797 worst=0.593 dp=0.020 (0.4s)
[ 11/60] vanilla    ratio=0.9   seed=0 acc=0.770 worst=0.540 dp=0.087 (0.4s)
[ 12/60] vanilla    ratio=0.9   seed=1 acc=0.797 worst=0.593 dp=0.140 (0.4s)
[ 13/60] vanilla    ratio=0.9   seed=2 acc=0.793 worst=0.587 dp=0.053 (0.4s)
[ 14/60] vanilla    ratio=0.9   seed=3 acc=0.790 worst=0.580 dp=0.220 (0.4s)
[ 15/60] vanilla    ratio=0.9   seed=4 acc=0.747 worst=0.493 dp=0.040 (0.4s)
[ 16/60] vanilla    ratio=0.99  seed=0 acc=0.767 worst=0.533 dp=0.027 (0.4s)
[ 17/60] vanilla    ratio=0.99  seed=1 acc=0.800 worst=0.600 dp=0.200 (0.4s)
[ 18/60] vanilla    ratio=0.99  seed=2 acc=0.757 worst=0.513 dp=0.073 (0.4s)
[ 19/60] vanilla    ratio=0.99  seed=3 acc=0.760 worst=0.520 dp=0.267 (0.4s)
[ 20/60] vanilla    ratio=0.99  seed=4 acc=0.737 worst=0.473 dp=0.020 (0.4s)
[ 21/60] fairds-1   ratio=0.5   seed=0 acc=0.810 worst=0.620 dp=0.033 (2.1s)
[ 22/60] fairds-1   ratio=0.5   seed=1 acc=0.800 worst=0.600 dp=0.093 (2.0s)
[ 23/60] fairds-1   ratio=0.5   seed=2 acc=0.827 worst=0.653 dp=0.013 (2.0s)
[ 24/60] fairds-1   ratio=0.5   seed=3 acc=0.807 worst=0.613 dp=0.067 (2.0s)
[ 25/60] fairds-1   ratio=0.5   seed=4 acc=0.810 worst=0.620 dp=0.007 (2.0s)
[ 26/60] fairds-1   ratio=0.7   seed=0 acc=0.810 worst=0.620 dp=0.007 (2.0s)
[ 27/60] fairds-1   ratio=0.7   seed=1 acc=0.807 worst=0.613 dp=0.040 (2.1s)
[ 28/60] fairds-1   ratio=0.7   seed=2 acc=0.827 worst=0.653 dp=0.013 (2.2s)
[ 29/60] fairds-1   ratio=0.7   seed=3 acc=0.810 worst=0.620 dp=0.100 (2.2s)
[ 30/60] fairds-1   ratio=0.7   seed=4 acc=0.797 worst=0.593 dp=0.007 (2.2s)
[ 31/60] fairds-1   ratio=0.9   seed=0 acc=0.767 worst=0.533 dp=0.093 (2.2s)
[ 32/60] fairds-1   ratio=0.9   seed=1 acc=0.797 worst=0.593 dp=0.087 (2.2s)
[ 33/60] fairds-1   ratio=0.9   seed=2 acc=0.793 worst=0.587 dp=0.013 (2.2s)
[ 34/60] fairds-1   ratio=0.9   seed=3 acc=0.783 worst=0.567 dp=0.140 (2.2s)
[ 35/60] fairds-1   ratio=0.9   seed=4 acc=0.757 worst=0.513 dp=0.060 (2.2s)
[ 36/60] fairds-1   ratio=0.99  seed=0 acc=0.760 worst=0.520 dp=0.040 (2.2s)
[ 37/60] fairds-1   ratio=0.99  seed=1 acc=0.787 worst=0.573 dp=0.187 (2.1s)
[ 38/60] fairds-1   ratio=0.99  seed=2 acc=0.760 worst=0.520 dp=0.080 (2.2s)
[ 39/60] fairds-1   ratio=0.99  seed=3 acc=0.763 worst=0.527 dp=0.273 (1.9s)
[ 40/60] fairds-1   ratio=0.99  seed=4 acc=0.727 worst=0.453 dp=0.013 (1.9s)
[ 41/60] fairds-2   ratio=0.5   seed=0 acc=0.813 worst=0.627 dp=0.027 (2.8s)
[ 42/60] fairds-2   ratio=0.5   seed=1 acc=0.813 worst=0.627 dp=0.107 (2.8s)
[ 43/60] fairds-2   ratio=0.5   seed=2 acc=0.830 worst=0.660 dp=0.033 (2.7s)
[ 44/60] fairds-2   ratio=0.5   seed=3 acc=0.807 worst=0.613 dp=0.067 (2.8s)
[ 45/60] fairds-2   ratio=0.5   seed=4 acc=0.810 worst=0.620 dp=0.007 (2.8s)
[ 46/60] fairds-2   ratio=0.7   seed=0 acc=0.800 worst=0.600 dp=0.027 (2.8s)
[ 47/60] fairds-2   ratio=0.7   seed=1 acc=0.817 worst=0.633 dp=0.073 (2.8s)
[ 48/60] fairds-2   ratio=0.7   seed=2 acc=0.833 worst=0.667 dp=0.013 (2.8s)
[ 49/60] fairds-2   ratio=0.7   seed=3 acc=0.813 worst=0.627 dp=0.120 (2.8s)
[ 50/60] fairds-2   ratio=0.7   seed=4 acc=0.803 worst=0.607 dp=0.007 (2.8s)
[ 51/60] fairds-2   ratio=0.9   seed=0 acc=0.773 worst=0.547 dp=0.107 (2.8s)
[ 52/60] fairds-2   ratio=0.9   seed=1 acc=0.800 worst=0.600 dp=0.093 (2.8s)
[ 53/60] fairds-2   ratio=0.9   seed=2 acc=0.800 worst=0.600 dp=0.013 (2.8s)
[ 54/60] fairds-2   ratio=0.9   seed=3 acc=0.790 worst=0.580 dp=0.193 (2.8s)
[ 55/60] fairds-2   ratio=0.9   seed=4 acc=0.763 worst=0.527 dp=0.073 (2.8s)
[ 56/60] fairds-2   ratio=0.99  seed=0 acc=0.773 worst=0.547 dp=0.013 (2.7s)
[ 57/60] fairds-2   ratio=0.99  seed=1 acc=0.797 worst=0.593 dp=0.153 (2.7s)
[ 58/60] fairds-2   ratio=0.99  seed=2 acc=0.760 worst=0.520 dp=0.080 (2.7s)
[ 59/60] fairds-2   ratio=0.99  seed=3 acc=0.763 worst=0.527 dp=0.273 (2.7s)
[ 60/60] fairds-2   ratio=0.99  seed=4 acc=0.737 worst=0.473 dp=0.007 (2.7s)
[e1b] results/e1b/20260506-153909/sweep_results.json  (106.6s total)
